<?xml version="1.0" encoding="UTF-8"?>
<coverage generated="1711138269667" clover="3.2.0">
    <project timestamp="1711138269667" name="All files">
        <metrics statements="288" coveredstatements="218" conditionals="35" coveredconditionals="22" methods="56"
                 coveredmethods="39" elements="379" coveredelements="279" complexity="0" loc="288" ncloc="288"
                 packages="7" files="14" classes="14"/>
        <package name="server">
            <metrics statements="29" coveredstatements="20" conditionals="2" coveredconditionals="0" methods="3"
                     coveredmethods="1"/>
            <file name="index.js" path="C:\Users\trevo\WebstormProjects\TrevorsTodoList\server\index.js">
                <metrics statements="29" coveredstatements="20" conditionals="2" coveredconditionals="0" methods="3"
                         coveredmethods="1"/>
                <line num="1" count="3" type="stmt"/>
                <line num="2" count="3" type="stmt"/>
                <line num="3" count="3" type="stmt"/>
                <line num="4" count="3" type="stmt"/>
                <line num="5" count="3" type="stmt"/>
                <line num="6" count="3" type="stmt"/>
                <line num="7" count="3" type="stmt"/>
                <line num="8" count="3" type="stmt"/>
                <line num="10" count="3" type="stmt"/>
                <line num="11" count="3" type="stmt"/>
                <line num="12" count="3" type="stmt"/>
                <line num="14" count="3" type="stmt"/>
                <line num="16" count="3" type="stmt"/>
                <line num="17" count="3" type="stmt"/>
                <line num="19" count="3" type="stmt"/>
                <line num="22" count="3" type="stmt"/>
                <line num="23" count="0" type="stmt"/>
                <line num="24" count="0" type="cond" truecount="0" falsecount="2"/>
                <line num="25" count="0" type="stmt"/>
                <line num="27" count="0" type="stmt"/>
                <line num="28" count="0" type="stmt"/>
                <line num="29" count="0" type="stmt"/>
                <line num="30" count="0" type="stmt"/>
                <line num="31" count="0" type="stmt"/>
                <line num="33" count="0" type="stmt"/>
                <line num="37" count="3" type="stmt"/>
                <line num="46" count="3" type="stmt"/>
                <line num="48" count="3" type="stmt"/>
                <line num="49" count="3" type="stmt"/>
            </file>
        </package>
        <package name="server.bin">
            <metrics statements="11" coveredstatements="11" conditionals="1" coveredconditionals="1" methods="3"
                     coveredmethods="3"/>
            <file name="start.js" path="C:\Users\trevo\WebstormProjects\TrevorsTodoList\server\bin\start.js">
                <metrics statements="11" coveredstatements="11" conditionals="1" coveredconditionals="1" methods="3"
                         coveredmethods="3"/>
                <line num="1" count="4" type="stmt"/>
                <line num="2" count="4" type="stmt"/>
                <line num="4" count="6" type="stmt"/>
                <line num="10" count="1" type="stmt"/>
                <line num="11" count="1" type="stmt"/>
                <line num="13" count="6" type="stmt"/>
                <line num="16" count="4" type="stmt"/>
                <line num="21" count="4" type="stmt"/>
                <line num="24" count="4" type="stmt"/>
                <line num="25" count="4" type="stmt"/>
                <line num="28" count="4" type="stmt"/>
            </file>
        </package>
        <package name="server.config">
            <metrics statements="1" coveredstatements="1" conditionals="0" coveredconditionals="0" methods="0"
                     coveredmethods="0"/>
            <file name="index.js" path="C:\Users\trevo\WebstormProjects\TrevorsTodoList\server\config\index.js">
                <metrics statements="1" coveredstatements="1" conditionals="0" coveredconditionals="0" methods="0"
                         coveredmethods="0"/>
                <line num="1" count="4" type="stmt"/>
            </file>
        </package>
        <package name="server.data">
            <metrics statements="40" coveredstatements="10" conditionals="0" coveredconditionals="0" methods="11"
                     coveredmethods="0"/>
            <file name="resolvers.js" path="C:\Users\trevo\WebstormProjects\TrevorsTodoList\server\data\resolvers.js">
                <metrics statements="37" coveredstatements="7" conditionals="0" coveredconditionals="0" methods="11"
                         coveredmethods="0"/>
                <line num="1" count="3" type="stmt"/>
                <line num="2" count="3" type="stmt"/>
                <line num="3" count="3" type="stmt"/>
                <line num="4" count="3" type="stmt"/>
                <line num="5" count="3" type="stmt"/>
                <line num="9" count="0" type="stmt"/>
                <line num="10" count="0" type="stmt"/>
                <line num="11" count="0" type="stmt"/>
                <line num="12" count="0" type="stmt"/>
                <line num="13" count="0" type="stmt"/>
                <line num="14" count="0" type="stmt"/>
                <line num="15" count="0" type="stmt"/>
                <line num="20" count="3" type="stmt"/>
                <line num="23" count="0" type="stmt"/>
                <line num="26" count="0" type="stmt"/>
                <line num="27" count="0" type="stmt"/>
                <line num="28" count="0" type="stmt"/>
                <line num="34" count="0" type="stmt"/>
                <line num="35" count="0" type="stmt"/>
                <line num="36" count="0" type="stmt"/>
                <line num="38" count="0" type="stmt"/>
                <line num="39" count="0" type="stmt"/>
                <line num="45" count="0" type="stmt"/>
                <line num="46" count="0" type="stmt"/>
                <line num="48" count="0" type="stmt"/>
                <line num="52" count="0" type="stmt"/>
                <line num="53" count="0" type="stmt"/>
                <line num="54" count="0" type="stmt"/>
                <line num="56" count="0" type="stmt"/>
                <line num="57" count="0" type="stmt"/>
                <line num="63" count="0" type="stmt"/>
                <line num="64" count="0" type="stmt"/>
                <line num="66" count="0" type="stmt"/>
                <line num="71" count="0" type="stmt"/>
                <line num="72" count="0" type="stmt"/>
                <line num="74" count="0" type="stmt"/>
                <line num="88" count="3" type="stmt"/>
            </file>
            <file name="schema.js" path="C:\Users\trevo\WebstormProjects\TrevorsTodoList\server\data\schema.js">
                <metrics statements="3" coveredstatements="3" conditionals="0" coveredconditionals="0" methods="0"
                         coveredmethods="0"/>
                <line num="1" count="3" type="stmt"/>
                <line num="3" count="3" type="stmt"/>
                <line num="71" count="3" type="stmt"/>
            </file>
        </package>
        <package name="server.models.sequelize">
            <metrics statements="35" coveredstatements="35" conditionals="4" coveredconditionals="4" methods="10"
                     coveredmethods="10"/>
            <file name="index.js"
                  path="C:\Users\trevo\WebstormProjects\TrevorsTodoList\server\models\sequelize\index.js">
                <metrics statements="19" coveredstatements="19" conditionals="4" coveredconditionals="4" methods="4"
                         coveredmethods="4"/>
                <line num="1" count="5" type="stmt"/>
                <line num="2" count="5" type="stmt"/>
                <line num="3" count="5" type="stmt"/>
                <line num="4" count="5" type="stmt"/>
                <line num="5" count="5" type="stmt"/>
                <line num="9" count="5" type="stmt"/>
                <line num="17" count="5" type="stmt"/>
                <line num="20" count="5" type="stmt"/>
                <line num="21" count="20" type="cond" truecount="2" falsecount="0"/>
                <line num="23" count="15" type="stmt"/>
                <line num="24" count="15" type="stmt"/>
                <line num="28" count="5" type="stmt"/>
                <line num="29" count="6" type="stmt"/>
                <line num="30" count="16" type="cond" truecount="2" falsecount="0"/>
                <line num="31" count="15" type="stmt"/>
                <line num="35" count="5" type="stmt"/>
                <line num="37" count="5" type="stmt"/>
                <line num="38" count="5" type="stmt"/>
                <line num="40" count="5" type="stmt"/>
            </file>
            <file name="todo.js" path="C:\Users\trevo\WebstormProjects\TrevorsTodoList\server\models\sequelize\todo.js">
                <metrics statements="5" coveredstatements="5" conditionals="0" coveredconditionals="0" methods="2"
                         coveredmethods="2"/>
                <line num="1" count="5" type="stmt"/>
                <line num="3" count="5" type="stmt"/>
                <line num="15" count="5" type="stmt"/>
                <line num="16" count="5" type="stmt"/>
                <line num="18" count="5" type="stmt"/>
            </file>
            <file name="todolist.js"
                  path="C:\Users\trevo\WebstormProjects\TrevorsTodoList\server\models\sequelize\todolist.js">
                <metrics statements="6" coveredstatements="6" conditionals="0" coveredconditionals="0" methods="2"
                         coveredmethods="2"/>
                <line num="1" count="5" type="stmt"/>
                <line num="2" count="5" type="stmt"/>
                <line num="12" count="5" type="stmt"/>
                <line num="13" count="5" type="stmt"/>
                <line num="14" count="5" type="stmt"/>
                <line num="16" count="5" type="stmt"/>
            </file>
            <file name="user.js" path="C:\Users\trevo\WebstormProjects\TrevorsTodoList\server\models\sequelize\user.js">
                <metrics statements="5" coveredstatements="5" conditionals="0" coveredconditionals="0" methods="2"
                         coveredmethods="2"/>
                <line num="1" count="5" type="stmt"/>
                <line num="3" count="5" type="stmt"/>
                <line num="13" count="5" type="stmt"/>
                <line num="14" count="5" type="stmt"/>
                <line num="16" count="5" type="stmt"/>
            </file>
        </package>
        <package name="server.routes">
            <metrics statements="133" coveredstatements="102" conditionals="28" coveredconditionals="17" methods="17"
                     coveredmethods="13"/>
            <file name="accounts.js" path="C:\Users\trevo\WebstormProjects\TrevorsTodoList\server\routes\accounts.js">
                <metrics statements="49" coveredstatements="18" conditionals="12" coveredconditionals="1" methods="6"
                         coveredmethods="2"/>
                <line num="1" count="3" type="stmt"/>
                <line num="2" count="3" type="stmt"/>
                <line num="3" count="3" type="stmt"/>
                <line num="4" count="3" type="stmt"/>
                <line num="5" count="3" type="stmt"/>
                <line num="6" count="3" type="stmt"/>
                <line num="8" count="3" type="stmt"/>
                <line num="10" count="3" type="stmt"/>
                <line num="13" count="3" type="stmt"/>
                <line num="14" count="2" type="stmt"/>
                <line num="15" count="2" type="stmt"/>
                <line num="16" count="2" type="stmt"/>
                <line num="18" count="2" type="cond" truecount="1" falsecount="1"/>
                <line num="19" count="2" type="stmt"/>
                <line num="22" count="2" type="stmt"/>
                <line num="25" count="0" type="stmt"/>
                <line num="26" count="0" type="stmt"/>
                <line num="29" count="0" type="cond" truecount="0" falsecount="2"/>
                <line num="30" count="0" type="stmt"/>
                <line num="31" count="0" type="stmt"/>
                <line num="36" count="0" type="stmt"/>
                <line num="48" count="0" type="cond" truecount="0" falsecount="2"/>
                <line num="49" count="0" type="stmt"/>
                <line num="52" count="0" type="stmt"/>
                <line num="53" count="0" type="stmt"/>
                <line num="58" count="0" type="stmt"/>
                <line num="59" count="0" type="stmt"/>
                <line num="60" count="0" type="stmt"/>
                <line num="65" count="3" type="stmt"/>
                <line num="66" count="0" type="stmt"/>
                <line num="67" count="0" type="stmt"/>
                <line num="68" count="0" type="stmt"/>
                <line num="69" count="0" type="cond" truecount="0" falsecount="2"/>
                <line num="71" count="0" type="stmt"/>
                <line num="73" count="0" type="stmt"/>
                <line num="74" count="0" type="stmt"/>
                <line num="76" count="0" type="stmt"/>
                <line num="77" count="0" type="cond" truecount="0" falsecount="2"/>
                <line num="78" count="0" type="stmt"/>
                <line num="88" count="0" type="cond" truecount="0" falsecount="2"/>
                <line num="89" count="0" type="stmt"/>
                <line num="91" count="0" type="stmt"/>
                <line num="92" count="0" type="stmt"/>
                <line num="96" count="0" type="stmt"/>
                <line num="99" count="0" type="stmt"/>
                <line num="100" count="0" type="stmt"/>
                <line num="101" count="0" type="stmt"/>
                <line num="105" count="3" type="stmt"/>
                <line num="108" count="3" type="stmt"/>
            </file>
            <file name="todos.js" path="C:\Users\trevo\WebstormProjects\TrevorsTodoList\server\routes\todos.js">
                <metrics statements="84" coveredstatements="84" conditionals="16" coveredconditionals="16" methods="11"
                         coveredmethods="11"/>
                <line num="1" count="3" type="stmt"/>
                <line num="2" count="3" type="stmt"/>
                <line num="3" count="3" type="stmt"/>
                <line num="4" count="3" type="stmt"/>
                <line num="5" count="3" type="stmt"/>
                <line num="7" count="3" type="stmt"/>
                <line num="9" count="3" type="stmt"/>
                <line num="10" count="24" type="stmt"/>
                <line num="12" count="24" type="cond" truecount="2" falsecount="0"/>
                <line num="13" count="1" type="stmt"/>
                <line num="16" count="23" type="stmt"/>
                <line num="19" count="23" type="stmt"/>
                <line num="23" count="23" type="cond" truecount="2" falsecount="0"/>
                <line num="24" count="1" type="stmt"/>
                <line num="25" count="22" type="stmt"/>
                <line num="26" count="22" type="stmt"/>
                <line num="27" count="22" type="stmt"/>
                <line num="32" count="3" type="stmt"/>
                <line num="38" count="3" type="stmt"/>
                <line num="39" count="2" type="stmt"/>
                <line num="42" count="2" type="stmt"/>
                <line num="58" count="1" type="stmt"/>
                <line num="59" count="1" type="stmt"/>
                <line num="61" count="1" type="stmt"/>
                <line num="62" count="1" type="stmt"/>
                <line num="67" count="3" type="stmt"/>
                <line num="68" count="3" type="stmt"/>
                <line num="69" count="3" type="stmt"/>
                <line num="70" count="3" type="stmt"/>
                <line num="71" count="2" type="cond" truecount="2" falsecount="0"/>
                <line num="72" count="1" type="stmt"/>
                <line num="73" count="1" type="stmt"/>
                <line num="75" count="1" type="stmt"/>
                <line num="76" count="1" type="stmt"/>
                <line num="79" count="1" type="stmt"/>
                <line num="80" count="1" type="stmt"/>
                <line num="81" count="1" type="stmt"/>
                <line num="86" count="3" type="stmt"/>
                <line num="87" count="6" type="stmt"/>
                <line num="89" count="6" type="stmt"/>
                <line num="91" count="6" type="stmt"/>
                <line num="92" count="5" type="stmt"/>
                <line num="94" count="5" type="cond" truecount="2" falsecount="0"/>
                <line num="95" count="1" type="stmt"/>
                <line num="96" count="1" type="stmt"/>
                <line num="98" count="4" type="stmt"/>
                <line num="99" count="4" type="stmt"/>
                <line num="102" count="1" type="stmt"/>
                <line num="103" count="1" type="stmt"/>
                <line num="104" count="1" type="stmt"/>
                <line num="109" count="3" type="stmt"/>
                <line num="110" count="7" type="stmt"/>
                <line num="112" count="7" type="stmt"/>
                <line num="113" count="7" type="stmt"/>
                <line num="114" count="6" type="stmt"/>
                <line num="117" count="6" type="cond" truecount="2" falsecount="0"/>
                <line num="118" count="1" type="stmt"/>
                <line num="119" count="1" type="stmt"/>
                <line num="120" count="5" type="cond" truecount="2" falsecount="0"/>
                <line num="121" count="4" type="stmt"/>
                <line num="122" count="4" type="stmt"/>
                <line num="126" count="1" type="stmt"/>
                <line num="127" count="1" type="stmt"/>
                <line num="130" count="1" type="stmt"/>
                <line num="131" count="1" type="stmt"/>
                <line num="136" count="3" type="stmt"/>
                <line num="137" count="4" type="stmt"/>
                <line num="138" count="4" type="stmt"/>
                <line num="139" count="4" type="stmt"/>
                <line num="141" count="4" type="stmt"/>
                <line num="142" count="3" type="stmt"/>
                <line num="144" count="3" type="cond" truecount="2" falsecount="0"/>
                <line num="145" count="1" type="stmt"/>
                <line num="146" count="1" type="stmt"/>
                <line num="147" count="2" type="cond" truecount="2" falsecount="0"/>
                <line num="148" count="1" type="stmt"/>
                <line num="149" count="1" type="stmt"/>
                <line num="152" count="1" type="stmt"/>
                <line num="153" count="1" type="stmt"/>
                <line num="156" count="1" type="stmt"/>
                <line num="157" count="1" type="stmt"/>
                <line num="158" count="1" type="stmt"/>
                <line num="161" count="3" type="stmt"/>
                <line num="164" count="3" type="stmt"/>
            </file>
        </package>
        <package name="server.services">
            <metrics statements="39" coveredstatements="39" conditionals="0" coveredconditionals="0" methods="12"
                     coveredmethods="12"/>
            <file name="TodoListService.js"
                  path="C:\Users\trevo\WebstormProjects\TrevorsTodoList\server\services\TodoListService.js">
                <metrics statements="4" coveredstatements="4" conditionals="0" coveredconditionals="0" methods="1"
                         coveredmethods="1"/>
                <line num="1" count="3" type="stmt"/>
                <line num="6" count="3" type="stmt"/>
                <line num="8" count="3" type="stmt"/>
                <line num="13" count="3" type="stmt"/>
            </file>
            <file name="TodoService.js"
                  path="C:\Users\trevo\WebstormProjects\TrevorsTodoList\server\services\TodoService.js">
                <metrics statements="21" coveredstatements="21" conditionals="0" coveredconditionals="0" methods="7"
                         coveredmethods="7"/>
                <line num="1" count="3" type="stmt"/>
                <line num="7" count="6" type="stmt"/>
                <line num="9" count="6" type="stmt"/>
                <line num="14" count="14" type="stmt"/>
                <line num="15" count="14" type="stmt"/>
                <line num="17" count="14" type="stmt"/>
                <line num="19" count="11" type="stmt"/>
                <line num="22" count="3" type="stmt"/>
                <line num="29" count="4" type="stmt"/>
                <line num="35" count="4" type="stmt"/>
                <line num="40" count="4" type="stmt"/>
                <line num="44" count="2" type="stmt"/>
                <line num="45" count="2" type="stmt"/>
                <line num="54" count="1" type="stmt"/>
                <line num="63" count="1" type="stmt"/>
                <line num="64" count="1" type="stmt"/>
                <line num="68" count="2" type="stmt"/>
                <line num="77" count="2" type="stmt"/>
                <line num="81" count="5" type="stmt"/>
                <line num="88" count="5" type="stmt"/>
                <line num="93" count="3" type="stmt"/>
            </file>
            <file name="UserService.js"
                  path="C:\Users\trevo\WebstormProjects\TrevorsTodoList\server\services\UserService.js">
                <metrics statements="14" coveredstatements="14" conditionals="0" coveredconditionals="0" methods="4"
                         coveredmethods="4"/>
                <line num="1" count="3" type="stmt"/>
                <line num="6" count="5" type="stmt"/>
                <line num="9" count="5" type="stmt"/>
                <line num="14" count="2" type="stmt"/>
                <line num="15" count="2" type="stmt"/>
                <line num="17" count="2" type="stmt"/>
                <line num="19" count="1" type="stmt"/>
                <line num="22" count="1" type="stmt"/>
                <line num="29" count="19" type="stmt"/>
                <line num="36" count="19" type="stmt"/>
                <line num="42" count="19" type="stmt"/>
                <line num="46" count="3" type="stmt"/>
                <line num="51" count="3" type="stmt"/>
                <line num="57" count="3" type="stmt"/>
            </file>
        </package>
    </project>
</coverage>
