{
  "C:\\Users\\trevo\\WebstormProjects\\TrevorsTodoList\\server\\index.js": {
    "path": "C:\\Users\\trevo\\WebstormProjects\\TrevorsTodoList\\server\\index.js",
    "statementMap": {
      "0": {
        "start": {
          "line": 1,
          "column": 16
        },
        "end": {
          "line": 1,
          "column": 34
        }
      },
      "1": {
        "start": {
          "line": 2,
          "column": 13
        },
        "end": {
          "line": 2,
          "column": 28
        }
      },
      "2": {
        "start": {
          "line": 3,
          "column": 24
        },
        "end": {
          "line": 3,
          "column": 49
        }
      },
      "3": {
        "start": {
          "line": 4,
          "column": 26
        },
        "end": {
          "line": 4,
          "column": 54
        }
      },
      "4": {
        "start": {
          "line": 5,
          "column": 22
        },
        "end": {
          "line": 5,
          "column": 48
        }
      },
      "5": {
        "start": {
          "line": 6,
          "column": 15
        },
        "end": {
          "line": 6,
          "column": 47
        }
      },
      "6": {
        "start": {
          "line": 7,
          "column": 18
        },
        "end": {
          "line": 7,
          "column": 53
        }
      },
      "7": {
        "start": {
          "line": 8,
          "column": 12
        },
        "end": {
          "line": 8,
          "column": 35
        }
      },
      "8": {
        "start": {
          "line": 10,
          "column": 20
        },
        "end": {
          "line": 47,
          "column": 1
        }
      },
      "9": {
        "start": {
          "line": 11,
          "column": 16
        },
        "end": {
          "line": 11,
          "column": 25
        }
      },
      "10": {
        "start": {
          "line": 12,
          "column": 4
        },
        "end": {
          "line": 12,
          "column": 20
        }
      },
      "11": {
        "start": {
          "line": 14,
          "column": 4
        },
        "end": {
          "line": 14,
          "column": 28
        }
      },
      "12": {
        "start": {
          "line": 16,
          "column": 4
        },
        "end": {
          "line": 16,
          "column": 36
        }
      },
      "13": {
        "start": {
          "line": 17,
          "column": 4
        },
        "end": {
          "line": 17,
          "column": 38
        }
      },
      "14": {
        "start": {
          "line": 19,
          "column": 17
        },
        "end": {
          "line": 19,
          "column": 26
        }
      },
      "15": {
        "start": {
          "line": 22,
          "column": 27
        },
        "end": {
          "line": 35,
          "column": 5
        }
      },
      "16": {
        "start": {
          "line": 23,
          "column": 20
        },
        "end": {
          "line": 23,
          "column": 45
        }
      },
      "17": {
        "start": {
          "line": 24,
          "column": 8
        },
        "end": {
          "line": 26,
          "column": 9
        }
      },
      "18": {
        "start": {
          "line": 25,
          "column": 12
        },
        "end": {
          "line": 25,
          "column": 67
        }
      },
      "19": {
        "start": {
          "line": 27,
          "column": 8
        },
        "end": {
          "line": 27,
          "column": 35
        }
      },
      "20": {
        "start": {
          "line": 28,
          "column": 8
        },
        "end": {
          "line": 34,
          "column": 9
        }
      },
      "21": {
        "start": {
          "line": 29,
          "column": 28
        },
        "end": {
          "line": 29,
          "column": 69
        }
      },
      "22": {
        "start": {
          "line": 30,
          "column": 12
        },
        "end": {
          "line": 30,
          "column": 31
        }
      },
      "23": {
        "start": {
          "line": 31,
          "column": 12
        },
        "end": {
          "line": 31,
          "column": 19
        }
      },
      "24": {
        "start": {
          "line": 33,
          "column": 12
        },
        "end": {
          "line": 33,
          "column": 68
        }
      },
      "25": {
        "start": {
          "line": 37,
          "column": 4
        },
        "end": {
          "line": 45,
          "column": 9
        }
      },
      "26": {
        "start": {
          "line": 37,
          "column": 67
        },
        "end": {
          "line": 45,
          "column": 5
        }
      },
      "27": {
        "start": {
          "line": 46,
          "column": 4
        },
        "end": {
          "line": 46,
          "column": 15
        }
      },
      "28": {
        "start": {
          "line": 48,
          "column": 15
        },
        "end": {
          "line": 48,
          "column": 28
        }
      },
      "29": {
        "start": {
          "line": 49,
          "column": 0
        },
        "end": {
          "line": 49,
          "column": 24
        }
      }
    },
    "fnMap": {
      "0": {
        "name": "(anonymous_0)",
        "decl": {
          "start": {
            "line": 10,
            "column": 20
          },
          "end": {
            "line": 10,
            "column": 21
          }
        },
        "loc": {
          "start": {
            "line": 10,
            "column": 26
          },
          "end": {
            "line": 47,
            "column": 1
          }
        },
        "line": 10
      },
      "1": {
        "name": "(anonymous_1)",
        "decl": {
          "start": {
            "line": 22,
            "column": 27
          },
          "end": {
            "line": 22,
            "column": 28
          }
        },
        "loc": {
          "start": {
            "line": 22,
            "column": 47
          },
          "end": {
            "line": 35,
            "column": 5
          }
        },
        "line": 22
      },
      "2": {
        "name": "(anonymous_2)",
        "decl": {
          "start": {
            "line": 37,
            "column": 52
          },
          "end": {
            "line": 37,
            "column": 53
          }
        },
        "loc": {
          "start": {
            "line": 37,
            "column": 67
          },
          "end": {
            "line": 45,
            "column": 5
          }
        },
        "line": 37
      }
    },
    "branchMap": {
      "0": {
        "loc": {
          "start": {
            "line": 24,
            "column": 8
          },
          "end": {
            "line": 26,
            "column": 9
          }
        },
        "type": "if",
        "locations": [
          {
            "start": {
              "line": 24,
              "column": 8
            },
            "end": {
              "line": 26,
              "column": 9
            }
          },
          {
            "start": {},
            "end": {}
          }
        ],
        "line": 24
      }
    },
    "s": {
      "0": 3,
      "1": 3,
      "2": 3,
      "3": 3,
      "4": 3,
      "5": 3,
      "6": 3,
      "7": 3,
      "8": 3,
      "9": 3,
      "10": 3,
      "11": 3,
      "12": 3,
      "13": 3,
      "14": 3,
      "15": 3,
      "16": 0,
      "17": 0,
      "18": 0,
      "19": 0,
      "20": 0,
      "21": 0,
      "22": 0,
      "23": 0,
      "24": 0,
      "25": 3,
      "26": 0,
      "27": 3,
      "28": 3,
      "29": 3
    },
    "f": {
      "0": 3,
      "1": 0,
      "2": 0
    },
    "b": {
      "0": [
        0,
        0
      ]
    },
    "_coverageSchema": "1a1c01bbd47fc00a2c39e90264f33305004495a9",
    "hash": "54038b9a6a83e03253750c5049cdc27ff83badc6"
  },
  "C:\\Users\\trevo\\WebstormProjects\\TrevorsTodoList\\server\\bin\\start.js": {
    "path": "C:\\Users\\trevo\\WebstormProjects\\TrevorsTodoList\\server\\bin\\start.js",
    "statementMap": {
      "0": {
        "start": {
          "line": 1,
          "column": 18
        },
        "end": {
          "line": 1,
          "column": 38
        }
      },
      "1": {
        "start": {
          "line": 2,
          "column": 15
        },
        "end": {
          "line": 2,
          "column": 35
        }
      },
      "2": {
        "start": {
          "line": 4,
          "column": 4
        },
        "end": {
          "line": 12,
          "column": 11
        }
      },
      "3": {
        "start": {
          "line": 10,
          "column": 12
        },
        "end": {
          "line": 10,
          "column": 33
        }
      },
      "4": {
        "start": {
          "line": 11,
          "column": 12
        },
        "end": {
          "line": 11,
          "column": 28
        }
      },
      "5": {
        "start": {
          "line": 13,
          "column": 4
        },
        "end": {
          "line": 13,
          "column": 21
        }
      },
      "6": {
        "start": {
          "line": 16,
          "column": 17
        },
        "end": {
          "line": 16,
          "column": 38
        }
      },
      "7": {
        "start": {
          "line": 21,
          "column": 0
        },
        "end": {
          "line": 21,
          "column": 34
        }
      },
      "8": {
        "start": {
          "line": 24,
          "column": 17
        },
        "end": {
          "line": 24,
          "column": 47
        }
      },
      "9": {
        "start": {
          "line": 25,
          "column": 0
        },
        "end": {
          "line": 25,
          "column": 32
        }
      },
      "10": {
        "start": {
          "line": 28,
          "column": 0
        },
        "end": {
          "line": 28,
          "column": 97
        }
      }
    },
    "fnMap": {
      "0": {
        "name": "connectToMyPostgres",
        "decl": {
          "start": {
            "line": 3,
            "column": 9
          },
          "end": {
            "line": 3,
            "column": 28
          }
        },
        "loc": {
          "start": {
            "line": 3,
            "column": 81
          },
          "end": {
            "line": 14,
            "column": 1
          }
        },
        "line": 3
      },
      "1": {
        "name": "(anonymous_1)",
        "decl": {
          "start": {
            "line": 6,
            "column": 14
          },
          "end": {
            "line": 6,
            "column": 15
          }
        },
        "loc": {
          "start": {
            "line": 6,
            "column": 20
          },
          "end": {
            "line": 8,
            "column": 9
          }
        },
        "line": 6
      },
      "2": {
        "name": "(anonymous_2)",
        "decl": {
          "start": {
            "line": 9,
            "column": 15
          },
          "end": {
            "line": 9,
            "column": 16
          }
        },
        "loc": {
          "start": {
            "line": 9,
            "column": 26
          },
          "end": {
            "line": 12,
            "column": 9
          }
        },
        "line": 9
      }
    },
    "branchMap": {
      "0": {
        "loc": {
          "start": {
            "line": 3,
            "column": 29
          },
          "end": {
            "line": 3,
            "column": 79
          }
        },
        "type": "default-arg",
        "locations": [
          {
            "start": {
              "line": 3,
              "column": 41
            },
            "end": {
              "line": 3,
              "column": 79
            }
          }
        ],
        "line": 3
      }
    },
    "s": {
      "0": 4,
      "1": 4,
      "2": 6,
      "3": 1,
      "4": 1,
      "5": 6,
      "6": 4,
      "7": 4,
      "8": 4,
      "9": 4,
      "10": 4
    },
    "f": {
      "0": 6,
      "1": 3,
      "2": 1
    },
    "b": {
      "0": [
        5
      ]
    },
    "_coverageSchema": "1a1c01bbd47fc00a2c39e90264f33305004495a9",
    "hash": "fac8f58a7fac0df6d8251f85fcd5fc6f49ff3061"
  },
  "C:\\Users\\trevo\\WebstormProjects\\TrevorsTodoList\\server\\config\\index.js": {
    "path": "C:\\Users\\trevo\\WebstormProjects\\TrevorsTodoList\\server\\config\\index.js",
    "statementMap": {
      "0": {
        "start": {
          "line": 1,
          "column": 0
        },
        "end": {
          "line": 17,
          "column": 1
        }
      }
    },
    "fnMap": {},
    "branchMap": {},
    "s": {
      "0": 4
    },
    "f": {},
    "b": {},
    "_coverageSchema": "1a1c01bbd47fc00a2c39e90264f33305004495a9",
    "hash": "24388ae72665d783ca07fb934d0296d1e7596954"
  },
  "C:\\Users\\trevo\\WebstormProjects\\TrevorsTodoList\\server\\data\\resolvers.js": {
    "path": "C:\\Users\\trevo\\WebstormProjects\\TrevorsTodoList\\server\\data\\resolvers.js",
    "statementMap": {
      "0": {
        "start": {
          "line": 1,
          "column": 20
        },
        "end": {
          "line": 1,
          "column": 54
        }
      },
      "1": {
        "start": {
          "line": 2,
          "column": 19
        },
        "end": {
          "line": 2,
          "column": 39
        }
      },
      "2": {
        "start": {
          "line": 3,
          "column": 24
        },
        "end": {
          "line": 3,
          "column": 62
        }
      },
      "3": {
        "start": {
          "line": 4,
          "column": 20
        },
        "end": {
          "line": 4,
          "column": 52
        }
      },
      "4": {
        "start": {
          "line": 5,
          "column": 24
        },
        "end": {
          "line": 5,
          "column": 60
        }
      },
      "5": {
        "start": {
          "line": 9,
          "column": 4
        },
        "end": {
          "line": 9,
          "column": 17
        }
      },
      "6": {
        "start": {
          "line": 10,
          "column": 4
        },
        "end": {
          "line": 10,
          "column": 21
        }
      },
      "7": {
        "start": {
          "line": 11,
          "column": 4
        },
        "end": {
          "line": 11,
          "column": 35
        }
      },
      "8": {
        "start": {
          "line": 12,
          "column": 4
        },
        "end": {
          "line": 12,
          "column": 23
        }
      },
      "9": {
        "start": {
          "line": 13,
          "column": 4
        },
        "end": {
          "line": 13,
          "column": 27
        }
      },
      "10": {
        "start": {
          "line": 14,
          "column": 4
        },
        "end": {
          "line": 14,
          "column": 25
        }
      },
      "11": {
        "start": {
          "line": 15,
          "column": 4
        },
        "end": {
          "line": 15,
          "column": 31
        }
      },
      "12": {
        "start": {
          "line": 20,
          "column": 18
        },
        "end": {
          "line": 86,
          "column": 1
        }
      },
      "13": {
        "start": {
          "line": 23,
          "column": 4
        },
        "end": {
          "line": 23,
          "column": 48
        }
      },
      "14": {
        "start": {
          "line": 26,
          "column": 13
        },
        "end": {
          "line": 26,
          "column": 62
        }
      },
      "15": {
        "start": {
          "line": 27,
          "column": 4
        },
        "end": {
          "line": 27,
          "column": 32
        }
      },
      "16": {
        "start": {
          "line": 28,
          "column": 4
        },
        "end": {
          "line": 28,
          "column": 34
        }
      },
      "17": {
        "start": {
          "line": 34,
          "column": 4
        },
        "end": {
          "line": 40,
          "column": 5
        }
      },
      "18": {
        "start": {
          "line": 35,
          "column": 20
        },
        "end": {
          "line": 35,
          "column": 71
        }
      },
      "19": {
        "start": {
          "line": 36,
          "column": 6
        },
        "end": {
          "line": 36,
          "column": 19
        }
      },
      "20": {
        "start": {
          "line": 38,
          "column": 6
        },
        "end": {
          "line": 38,
          "column": 25
        }
      },
      "21": {
        "start": {
          "line": 39,
          "column": 6
        },
        "end": {
          "line": 39,
          "column": 47
        }
      },
      "22": {
        "start": {
          "line": 45,
          "column": 4
        },
        "end": {
          "line": 47,
          "column": 56
        }
      },
      "23": {
        "start": {
          "line": 46,
          "column": 6
        },
        "end": {
          "line": 46,
          "column": 92
        }
      },
      "24": {
        "start": {
          "line": 48,
          "column": 4
        },
        "end": {
          "line": 48,
          "column": 18
        }
      },
      "25": {
        "start": {
          "line": 52,
          "column": 4
        },
        "end": {
          "line": 58,
          "column": 5
        }
      },
      "26": {
        "start": {
          "line": 53,
          "column": 19
        },
        "end": {
          "line": 53,
          "column": 51
        }
      },
      "27": {
        "start": {
          "line": 54,
          "column": 6
        },
        "end": {
          "line": 54,
          "column": 18
        }
      },
      "28": {
        "start": {
          "line": 56,
          "column": 6
        },
        "end": {
          "line": 56,
          "column": 25
        }
      },
      "29": {
        "start": {
          "line": 57,
          "column": 6
        },
        "end": {
          "line": 57,
          "column": 46
        }
      },
      "30": {
        "start": {
          "line": 63,
          "column": 4
        },
        "end": {
          "line": 65,
          "column": 50
        }
      },
      "31": {
        "start": {
          "line": 64,
          "column": 6
        },
        "end": {
          "line": 64,
          "column": 86
        }
      },
      "32": {
        "start": {
          "line": 66,
          "column": 4
        },
        "end": {
          "line": 66,
          "column": 18
        }
      },
      "33": {
        "start": {
          "line": 71,
          "column": 4
        },
        "end": {
          "line": 73,
          "column": 18
        }
      },
      "34": {
        "start": {
          "line": 72,
          "column": 6
        },
        "end": {
          "line": 72,
          "column": 54
        }
      },
      "35": {
        "start": {
          "line": 74,
          "column": 4
        },
        "end": {
          "line": 74,
          "column": 18
        }
      },
      "36": {
        "start": {
          "line": 88,
          "column": 0
        },
        "end": {
          "line": 88,
          "column": 27
        }
      }
    },
    "fnMap": {
      "0": {
        "name": "(anonymous_0)",
        "decl": {
          "start": {
            "line": 8,
            "column": 2
          },
          "end": {
            "line": 8,
            "column": 3
          }
        },
        "loc": {
          "start": {
            "line": 8,
            "column": 74
          },
          "end": {
            "line": 16,
            "column": 3
          }
        },
        "line": 8
      },
      "1": {
        "name": "(anonymous_1)",
        "decl": {
          "start": {
            "line": 22,
            "column": 15
          },
          "end": {
            "line": 22,
            "column": 16
          }
        },
        "loc": {
          "start": {
            "line": 22,
            "column": 25
          },
          "end": {
            "line": 24,
            "column": 3
          }
        },
        "line": 22
      },
      "2": {
        "name": "(anonymous_2)",
        "decl": {
          "start": {
            "line": 25,
            "column": 17
          },
          "end": {
            "line": 25,
            "column": 18
          }
        },
        "loc": {
          "start": {
            "line": 25,
            "column": 30
          },
          "end": {
            "line": 29,
            "column": 3
          }
        },
        "line": 25
      },
      "3": {
        "name": "(anonymous_3)",
        "decl": {
          "start": {
            "line": 33,
            "column": 12
          },
          "end": {
            "line": 33,
            "column": 13
          }
        },
        "loc": {
          "start": {
            "line": 33,
            "column": 45
          },
          "end": {
            "line": 41,
            "column": 3
          }
        },
        "line": 33
      },
      "4": {
        "name": "(anonymous_4)",
        "decl": {
          "start": {
            "line": 43,
            "column": 14
          },
          "end": {
            "line": 43,
            "column": 15
          }
        },
        "loc": {
          "start": {
            "line": 43,
            "column": 47
          },
          "end": {
            "line": 49,
            "column": 3
          }
        },
        "line": 43
      },
      "5": {
        "name": "(anonymous_5)",
        "decl": {
          "start": {
            "line": 45,
            "column": 36
          },
          "end": {
            "line": 45,
            "column": 37
          }
        },
        "loc": {
          "start": {
            "line": 45,
            "column": 49
          },
          "end": {
            "line": 47,
            "column": 5
          }
        },
        "line": 45
      },
      "6": {
        "name": "(anonymous_6)",
        "decl": {
          "start": {
            "line": 51,
            "column": 11
          },
          "end": {
            "line": 51,
            "column": 12
          }
        },
        "loc": {
          "start": {
            "line": 51,
            "column": 44
          },
          "end": {
            "line": 59,
            "column": 3
          }
        },
        "line": 51
      },
      "7": {
        "name": "(anonymous_7)",
        "decl": {
          "start": {
            "line": 61,
            "column": 14
          },
          "end": {
            "line": 61,
            "column": 15
          }
        },
        "loc": {
          "start": {
            "line": 61,
            "column": 47
          },
          "end": {
            "line": 67,
            "column": 3
          }
        },
        "line": 61
      },
      "8": {
        "name": "(anonymous_8)",
        "decl": {
          "start": {
            "line": 63,
            "column": 36
          },
          "end": {
            "line": 63,
            "column": 37
          }
        },
        "loc": {
          "start": {
            "line": 63,
            "column": 49
          },
          "end": {
            "line": 65,
            "column": 5
          }
        },
        "line": 63
      },
      "9": {
        "name": "(anonymous_9)",
        "decl": {
          "start": {
            "line": 69,
            "column": 14
          },
          "end": {
            "line": 69,
            "column": 15
          }
        },
        "loc": {
          "start": {
            "line": 69,
            "column": 47
          },
          "end": {
            "line": 75,
            "column": 3
          }
        },
        "line": 69
      },
      "10": {
        "name": "(anonymous_10)",
        "decl": {
          "start": {
            "line": 71,
            "column": 36
          },
          "end": {
            "line": 71,
            "column": 37
          }
        },
        "loc": {
          "start": {
            "line": 71,
            "column": 49
          },
          "end": {
            "line": 73,
            "column": 5
          }
        },
        "line": 71
      }
    },
    "branchMap": {},
    "s": {
      "0": 3,
      "1": 3,
      "2": 3,
      "3": 3,
      "4": 3,
      "5": 0,
      "6": 0,
      "7": 0,
      "8": 0,
      "9": 0,
      "10": 0,
      "11": 0,
      "12": 3,
      "13": 0,
      "14": 0,
      "15": 0,
      "16": 0,
      "17": 0,
      "18": 0,
      "19": 0,
      "20": 0,
      "21": 0,
      "22": 0,
      "23": 0,
      "24": 0,
      "25": 0,
      "26": 0,
      "27": 0,
      "28": 0,
      "29": 0,
      "30": 0,
      "31": 0,
      "32": 0,
      "33": 0,
      "34": 0,
      "35": 0,
      "36": 3
    },
    "f": {
      "0": 0,
      "1": 0,
      "2": 0,
      "3": 0,
      "4": 0,
      "5": 0,
      "6": 0,
      "7": 0,
      "8": 0,
      "9": 0,
      "10": 0
    },
    "b": {},
    "_coverageSchema": "1a1c01bbd47fc00a2c39e90264f33305004495a9",
    "hash": "979679568c9b8be393a04df9fa851ea983549a35"
  },
  "C:\\Users\\trevo\\WebstormProjects\\TrevorsTodoList\\server\\data\\schema.js": {
    "path": "C:\\Users\\trevo\\WebstormProjects\\TrevorsTodoList\\server\\data\\schema.js",
    "statementMap": {
      "0": {
        "start": {
          "line": 1,
          "column": 22
        },
        "end": {
          "line": 1,
          "column": 40
        }
      },
      "1": {
        "start": {
          "line": 3,
          "column": 15
        },
        "end": {
          "line": 69,
          "column": 2
        }
      },
      "2": {
        "start": {
          "line": 71,
          "column": 0
        },
        "end": {
          "line": 71,
          "column": 24
        }
      }
    },
    "fnMap": {},
    "branchMap": {},
    "s": {
      "0": 3,
      "1": 3,
      "2": 3
    },
    "f": {},
    "b": {},
    "_coverageSchema": "1a1c01bbd47fc00a2c39e90264f33305004495a9",
    "hash": "a4a3d400b9a5ff5901fe8ea53152ae0e138c8317"
  },
  "C:\\Users\\trevo\\WebstormProjects\\TrevorsTodoList\\server\\models\\sequelize\\index.js": {
    "path": "C:\\Users\\trevo\\WebstormProjects\\TrevorsTodoList\\server\\models\\sequelize\\index.js",
    "statementMap": {
      "0": {
        "start": {
          "line": 1,
          "column": 11
        },
        "end": {
          "line": 1,
          "column": 24
        }
      },
      "1": {
        "start": {
          "line": 2,
          "column": 13
        },
        "end": {
          "line": 2,
          "column": 28
        }
      },
      "2": {
        "start": {
          "line": 3,
          "column": 18
        },
        "end": {
          "line": 3,
          "column": 38
        }
      },
      "3": {
        "start": {
          "line": 4,
          "column": 15
        },
        "end": {
          "line": 4,
          "column": 50
        }
      },
      "4": {
        "start": {
          "line": 5,
          "column": 62
        },
        "end": {
          "line": 5,
          "column": 80
        }
      },
      "5": {
        "start": {
          "line": 9,
          "column": 18
        },
        "end": {
          "line": 15,
          "column": 2
        }
      },
      "6": {
        "start": {
          "line": 17,
          "column": 15
        },
        "end": {
          "line": 17,
          "column": 17
        }
      },
      "7": {
        "start": {
          "line": 20,
          "column": 0
        },
        "end": {
          "line": 25,
          "column": 7
        }
      },
      "8": {
        "start": {
          "line": 21,
          "column": 22
        },
        "end": {
          "line": 21,
          "column": 65
        }
      },
      "9": {
        "start": {
          "line": 23,
          "column": 22
        },
        "end": {
          "line": 23,
          "column": 89
        }
      },
      "10": {
        "start": {
          "line": 24,
          "column": 8
        },
        "end": {
          "line": 24,
          "column": 35
        }
      },
      "11": {
        "start": {
          "line": 28,
          "column": 24
        },
        "end": {
          "line": 34,
          "column": 1
        }
      },
      "12": {
        "start": {
          "line": 29,
          "column": 4
        },
        "end": {
          "line": 33,
          "column": 7
        }
      },
      "13": {
        "start": {
          "line": 30,
          "column": 8
        },
        "end": {
          "line": 32,
          "column": 9
        }
      },
      "14": {
        "start": {
          "line": 31,
          "column": 12
        },
        "end": {
          "line": 31,
          "column": 54
        }
      },
      "15": {
        "start": {
          "line": 35,
          "column": 0
        },
        "end": {
          "line": 35,
          "column": 24
        }
      },
      "16": {
        "start": {
          "line": 37,
          "column": 0
        },
        "end": {
          "line": 37,
          "column": 29
        }
      },
      "17": {
        "start": {
          "line": 38,
          "column": 0
        },
        "end": {
          "line": 38,
          "column": 29
        }
      },
      "18": {
        "start": {
          "line": 40,
          "column": 0
        },
        "end": {
          "line": 40,
          "column": 42
        }
      }
    },
    "fnMap": {
      "0": {
        "name": "(anonymous_0)",
        "decl": {
          "start": {
            "line": 21,
            "column": 12
          },
          "end": {
            "line": 21,
            "column": 13
          }
        },
        "loc": {
          "start": {
            "line": 21,
            "column": 22
          },
          "end": {
            "line": 21,
            "column": 65
          }
        },
        "line": 21
      },
      "1": {
        "name": "(anonymous_1)",
        "decl": {
          "start": {
            "line": 22,
            "column": 13
          },
          "end": {
            "line": 22,
            "column": 14
          }
        },
        "loc": {
          "start": {
            "line": 22,
            "column": 23
          },
          "end": {
            "line": 25,
            "column": 5
          }
        },
        "line": 22
      },
      "2": {
        "name": "(anonymous_2)",
        "decl": {
          "start": {
            "line": 28,
            "column": 24
          },
          "end": {
            "line": 28,
            "column": 25
          }
        },
        "loc": {
          "start": {
            "line": 28,
            "column": 39
          },
          "end": {
            "line": 34,
            "column": 1
          }
        },
        "line": 28
      },
      "3": {
        "name": "(anonymous_3)",
        "decl": {
          "start": {
            "line": 29,
            "column": 35
          },
          "end": {
            "line": 29,
            "column": 36
          }
        },
        "loc": {
          "start": {
            "line": 29,
            "column": 50
          },
          "end": {
            "line": 33,
            "column": 5
          }
        },
        "line": 29
      }
    },
    "branchMap": {
      "0": {
        "loc": {
          "start": {
            "line": 21,
            "column": 22
          },
          "end": {
            "line": 21,
            "column": 65
          }
        },
        "type": "binary-expr",
        "locations": [
          {
            "start": {
              "line": 21,
              "column": 22
            },
            "end": {
              "line": 21,
              "column": 41
            }
          },
          {
            "start": {
              "line": 21,
              "column": 45
            },
            "end": {
              "line": 21,
              "column": 65
            }
          }
        ],
        "line": 21
      },
      "1": {
        "loc": {
          "start": {
            "line": 30,
            "column": 8
          },
          "end": {
            "line": 32,
            "column": 9
          }
        },
        "type": "if",
        "locations": [
          {
            "start": {
              "line": 30,
              "column": 8
            },
            "end": {
              "line": 32,
              "column": 9
            }
          },
          {
            "start": {},
            "end": {}
          }
        ],
        "line": 30
      }
    },
    "s": {
      "0": 5,
      "1": 5,
      "2": 5,
      "3": 5,
      "4": 5,
      "5": 5,
      "6": 5,
      "7": 5,
      "8": 20,
      "9": 15,
      "10": 15,
      "11": 5,
      "12": 6,
      "13": 16,
      "14": 15,
      "15": 5,
      "16": 5,
      "17": 5,
      "18": 5
    },
    "f": {
      "0": 20,
      "1": 15,
      "2": 6,
      "3": 16
    },
    "b": {
      "0": [
        20,
        15
      ],
      "1": [
        15,
        1
      ]
    },
    "_coverageSchema": "1a1c01bbd47fc00a2c39e90264f33305004495a9",
    "hash": "d72e602535dbe837ff760bd7cf97e0a701279b80"
  },
  "C:\\Users\\trevo\\WebstormProjects\\TrevorsTodoList\\server\\models\\sequelize\\todo.js": {
    "path": "C:\\Users\\trevo\\WebstormProjects\\TrevorsTodoList\\server\\models\\sequelize\\todo.js",
    "statementMap": {
      "0": {
        "start": {
          "line": 1,
          "column": 0
        },
        "end": {
          "line": 19,
          "column": 1
        }
      },
      "1": {
        "start": {
          "line": 3,
          "column": 17
        },
        "end": {
          "line": 12,
          "column": 6
        }
      },
      "2": {
        "start": {
          "line": 15,
          "column": 4
        },
        "end": {
          "line": 17,
          "column": 6
        }
      },
      "3": {
        "start": {
          "line": 16,
          "column": 8
        },
        "end": {
          "line": 16,
          "column": 68
        }
      },
      "4": {
        "start": {
          "line": 18,
          "column": 4
        },
        "end": {
          "line": 18,
          "column": 16
        }
      }
    },
    "fnMap": {
      "0": {
        "name": "(anonymous_0)",
        "decl": {
          "start": {
            "line": 1,
            "column": 17
          },
          "end": {
            "line": 1,
            "column": 18
          }
        },
        "loc": {
          "start": {
            "line": 1,
            "column": 43
          },
          "end": {
            "line": 19,
            "column": 1
          }
        },
        "line": 1
      },
      "1": {
        "name": "(anonymous_1)",
        "decl": {
          "start": {
            "line": 15,
            "column": 21
          },
          "end": {
            "line": 15,
            "column": 22
          }
        },
        "loc": {
          "start": {
            "line": 15,
            "column": 33
          },
          "end": {
            "line": 17,
            "column": 5
          }
        },
        "line": 15
      }
    },
    "branchMap": {},
    "s": {
      "0": 5,
      "1": 5,
      "2": 5,
      "3": 5,
      "4": 5
    },
    "f": {
      "0": 5,
      "1": 5
    },
    "b": {},
    "_coverageSchema": "1a1c01bbd47fc00a2c39e90264f33305004495a9",
    "hash": "329ee955ad559a46d50c7a47ae5ee752d3dcd434"
  },
  "C:\\Users\\trevo\\WebstormProjects\\TrevorsTodoList\\server\\models\\sequelize\\todolist.js": {
    "path": "C:\\Users\\trevo\\WebstormProjects\\TrevorsTodoList\\server\\models\\sequelize\\todolist.js",
    "statementMap": {
      "0": {
        "start": {
          "line": 1,
          "column": 0
        },
        "end": {
          "line": 17,
          "column": 1
        }
      },
      "1": {
        "start": {
          "line": 2,
          "column": 21
        },
        "end": {
          "line": 11,
          "column": 6
        }
      },
      "2": {
        "start": {
          "line": 12,
          "column": 4
        },
        "end": {
          "line": 15,
          "column": 6
        }
      },
      "3": {
        "start": {
          "line": 13,
          "column": 8
        },
        "end": {
          "line": 13,
          "column": 66
        }
      },
      "4": {
        "start": {
          "line": 14,
          "column": 8
        },
        "end": {
          "line": 14,
          "column": 64
        }
      },
      "5": {
        "start": {
          "line": 16,
          "column": 4
        },
        "end": {
          "line": 16,
          "column": 20
        }
      }
    },
    "fnMap": {
      "0": {
        "name": "(anonymous_0)",
        "decl": {
          "start": {
            "line": 1,
            "column": 17
          },
          "end": {
            "line": 1,
            "column": 18
          }
        },
        "loc": {
          "start": {
            "line": 1,
            "column": 43
          },
          "end": {
            "line": 17,
            "column": 1
          }
        },
        "line": 1
      },
      "1": {
        "name": "(anonymous_1)",
        "decl": {
          "start": {
            "line": 12,
            "column": 25
          },
          "end": {
            "line": 12,
            "column": 26
          }
        },
        "loc": {
          "start": {
            "line": 12,
            "column": 37
          },
          "end": {
            "line": 15,
            "column": 5
          }
        },
        "line": 12
      }
    },
    "branchMap": {},
    "s": {
      "0": 5,
      "1": 5,
      "2": 5,
      "3": 5,
      "4": 5,
      "5": 5
    },
    "f": {
      "0": 5,
      "1": 5
    },
    "b": {},
    "_coverageSchema": "1a1c01bbd47fc00a2c39e90264f33305004495a9",
    "hash": "44ef04110f9d38ebef6e5a73eabcf18a7881f98e"
  },
  "C:\\Users\\trevo\\WebstormProjects\\TrevorsTodoList\\server\\models\\sequelize\\user.js": {
    "path": "C:\\Users\\trevo\\WebstormProjects\\TrevorsTodoList\\server\\models\\sequelize\\user.js",
    "statementMap": {
      "0": {
        "start": {
          "line": 1,
          "column": 0
        },
        "end": {
          "line": 17,
          "column": 1
        }
      },
      "1": {
        "start": {
          "line": 3,
          "column": 17
        },
        "end": {
          "line": 12,
          "column": 6
        }
      },
      "2": {
        "start": {
          "line": 13,
          "column": 4
        },
        "end": {
          "line": 15,
          "column": 5
        }
      },
      "3": {
        "start": {
          "line": 14,
          "column": 8
        },
        "end": {
          "line": 14,
          "column": 61
        }
      },
      "4": {
        "start": {
          "line": 16,
          "column": 4
        },
        "end": {
          "line": 16,
          "column": 16
        }
      }
    },
    "fnMap": {
      "0": {
        "name": "(anonymous_0)",
        "decl": {
          "start": {
            "line": 1,
            "column": 17
          },
          "end": {
            "line": 1,
            "column": 18
          }
        },
        "loc": {
          "start": {
            "line": 1,
            "column": 43
          },
          "end": {
            "line": 17,
            "column": 1
          }
        },
        "line": 1
      },
      "1": {
        "name": "(anonymous_1)",
        "decl": {
          "start": {
            "line": 13,
            "column": 21
          },
          "end": {
            "line": 13,
            "column": 22
          }
        },
        "loc": {
          "start": {
            "line": 13,
            "column": 33
          },
          "end": {
            "line": 15,
            "column": 5
          }
        },
        "line": 13
      }
    },
    "branchMap": {},
    "s": {
      "0": 5,
      "1": 5,
      "2": 5,
      "3": 5,
      "4": 5
    },
    "f": {
      "0": 5,
      "1": 5
    },
    "b": {},
    "_coverageSchema": "1a1c01bbd47fc00a2c39e90264f33305004495a9",
    "hash": "ab2e2a3df8dc5d01df5e11d250e32eee0cd2867f"
  },
  "C:\\Users\\trevo\\WebstormProjects\\TrevorsTodoList\\server\\routes\\accounts.js": {
    "path": "C:\\Users\\trevo\\WebstormProjects\\TrevorsTodoList\\server\\routes\\accounts.js",
    "statementMap": {
      "0": {
        "start": {
          "line": 1,
          "column": 16
        },
        "end": {
          "line": 1,
          "column": 34
        }
      },
      "1": {
        "start": {
          "line": 2,
          "column": 15
        },
        "end": {
          "line": 2,
          "column": 31
        }
      },
      "2": {
        "start": {
          "line": 3,
          "column": 19
        },
        "end": {
          "line": 3,
          "column": 45
        }
      },
      "3": {
        "start": {
          "line": 4,
          "column": 20
        },
        "end": {
          "line": 4,
          "column": 54
        }
      },
      "4": {
        "start": {
          "line": 5,
          "column": 15
        },
        "end": {
          "line": 5,
          "column": 32
        }
      },
      "5": {
        "start": {
          "line": 6,
          "column": 12
        },
        "end": {
          "line": 6,
          "column": 35
        }
      },
      "6": {
        "start": {
          "line": 8,
          "column": 27
        },
        "end": {
          "line": 106,
          "column": 1
        }
      },
      "7": {
        "start": {
          "line": 10,
          "column": 24
        },
        "end": {
          "line": 10,
          "column": 56
        }
      },
      "8": {
        "start": {
          "line": 13,
          "column": 4
        },
        "end": {
          "line": 62,
          "column": 7
        }
      },
      "9": {
        "start": {
          "line": 14,
          "column": 8
        },
        "end": {
          "line": 61,
          "column": 9
        }
      },
      "10": {
        "start": {
          "line": 15,
          "column": 41
        },
        "end": {
          "line": 15,
          "column": 49
        }
      },
      "11": {
        "start": {
          "line": 16,
          "column": 25
        },
        "end": {
          "line": 16,
          "column": 66
        }
      },
      "12": {
        "start": {
          "line": 18,
          "column": 12
        },
        "end": {
          "line": 20,
          "column": 13
        }
      },
      "13": {
        "start": {
          "line": 19,
          "column": 16
        },
        "end": {
          "line": 19,
          "column": 36
        }
      },
      "14": {
        "start": {
          "line": 22,
          "column": 33
        },
        "end": {
          "line": 22,
          "column": 64
        }
      },
      "15": {
        "start": {
          "line": 25,
          "column": 12
        },
        "end": {
          "line": 27,
          "column": 15
        }
      },
      "16": {
        "start": {
          "line": 26,
          "column": 16
        },
        "end": {
          "line": 26,
          "column": 85
        }
      },
      "17": {
        "start": {
          "line": 29,
          "column": 12
        },
        "end": {
          "line": 56,
          "column": 13
        }
      },
      "18": {
        "start": {
          "line": 30,
          "column": 16
        },
        "end": {
          "line": 30,
          "column": 32
        }
      },
      "19": {
        "start": {
          "line": 31,
          "column": 16
        },
        "end": {
          "line": 31,
          "column": 81
        }
      },
      "20": {
        "start": {
          "line": 36,
          "column": 16
        },
        "end": {
          "line": 55,
          "column": 18
        }
      },
      "21": {
        "start": {
          "line": 48,
          "column": 24
        },
        "end": {
          "line": 50,
          "column": 25
        }
      },
      "22": {
        "start": {
          "line": 49,
          "column": 28
        },
        "end": {
          "line": 49,
          "column": 61
        }
      },
      "23": {
        "start": {
          "line": 52,
          "column": 24
        },
        "end": {
          "line": 52,
          "column": 40
        }
      },
      "24": {
        "start": {
          "line": 53,
          "column": 24
        },
        "end": {
          "line": 53,
          "column": 42
        }
      },
      "25": {
        "start": {
          "line": 58,
          "column": 12
        },
        "end": {
          "line": 58,
          "column": 29
        }
      },
      "26": {
        "start": {
          "line": 59,
          "column": 12
        },
        "end": {
          "line": 59,
          "column": 28
        }
      },
      "27": {
        "start": {
          "line": 60,
          "column": 12
        },
        "end": {
          "line": 60,
          "column": 46
        }
      },
      "28": {
        "start": {
          "line": 65,
          "column": 4
        },
        "end": {
          "line": 103,
          "column": 7
        }
      },
      "29": {
        "start": {
          "line": 66,
          "column": 8
        },
        "end": {
          "line": 102,
          "column": 9
        }
      },
      "30": {
        "start": {
          "line": 67,
          "column": 41
        },
        "end": {
          "line": 67,
          "column": 49
        }
      },
      "31": {
        "start": {
          "line": 68,
          "column": 25
        },
        "end": {
          "line": 68,
          "column": 66
        }
      },
      "32": {
        "start": {
          "line": 69,
          "column": 12
        },
        "end": {
          "line": 72,
          "column": 13
        }
      },
      "33": {
        "start": {
          "line": 71,
          "column": 16
        },
        "end": {
          "line": 71,
          "column": 43
        }
      },
      "34": {
        "start": {
          "line": 73,
          "column": 34
        },
        "end": {
          "line": 73,
          "column": 47
        }
      },
      "35": {
        "start": {
          "line": 74,
          "column": 34
        },
        "end": {
          "line": 74,
          "column": 47
        }
      },
      "36": {
        "start": {
          "line": 76,
          "column": 30
        },
        "end": {
          "line": 76,
          "column": 75
        }
      },
      "37": {
        "start": {
          "line": 77,
          "column": 12
        },
        "end": {
          "line": 97,
          "column": 13
        }
      },
      "38": {
        "start": {
          "line": 78,
          "column": 16
        },
        "end": {
          "line": 94,
          "column": 18
        }
      },
      "39": {
        "start": {
          "line": 88,
          "column": 24
        },
        "end": {
          "line": 90,
          "column": 25
        }
      },
      "40": {
        "start": {
          "line": 89,
          "column": 28
        },
        "end": {
          "line": 89,
          "column": 61
        }
      },
      "41": {
        "start": {
          "line": 91,
          "column": 24
        },
        "end": {
          "line": 91,
          "column": 40
        }
      },
      "42": {
        "start": {
          "line": 92,
          "column": 24
        },
        "end": {
          "line": 92,
          "column": 42
        }
      },
      "43": {
        "start": {
          "line": 96,
          "column": 16
        },
        "end": {
          "line": 96,
          "column": 43
        }
      },
      "44": {
        "start": {
          "line": 99,
          "column": 12
        },
        "end": {
          "line": 99,
          "column": 29
        }
      },
      "45": {
        "start": {
          "line": 100,
          "column": 12
        },
        "end": {
          "line": 100,
          "column": 28
        }
      },
      "46": {
        "start": {
          "line": 101,
          "column": 12
        },
        "end": {
          "line": 101,
          "column": 46
        }
      },
      "47": {
        "start": {
          "line": 105,
          "column": 4
        },
        "end": {
          "line": 105,
          "column": 18
        }
      },
      "48": {
        "start": {
          "line": 108,
          "column": 0
        },
        "end": {
          "line": 108,
          "column": 36
        }
      }
    },
    "fnMap": {
      "0": {
        "name": "(anonymous_0)",
        "decl": {
          "start": {
            "line": 8,
            "column": 27
          },
          "end": {
            "line": 8,
            "column": 28
          }
        },
        "loc": {
          "start": {
            "line": 8,
            "column": 33
          },
          "end": {
            "line": 106,
            "column": 1
          }
        },
        "line": 8
      },
      "1": {
        "name": "(anonymous_1)",
        "decl": {
          "start": {
            "line": 13,
            "column": 27
          },
          "end": {
            "line": 13,
            "column": 28
          }
        },
        "loc": {
          "start": {
            "line": 13,
            "column": 47
          },
          "end": {
            "line": 62,
            "column": 5
          }
        },
        "line": 13
      },
      "2": {
        "name": "(anonymous_2)",
        "decl": {
          "start": {
            "line": 25,
            "column": 44
          },
          "end": {
            "line": 25,
            "column": 45
          }
        },
        "loc": {
          "start": {
            "line": 25,
            "column": 57
          },
          "end": {
            "line": 27,
            "column": 13
          }
        },
        "line": 25
      },
      "3": {
        "name": "(anonymous_3)",
        "decl": {
          "start": {
            "line": 46,
            "column": 20
          },
          "end": {
            "line": 46,
            "column": 21
          }
        },
        "loc": {
          "start": {
            "line": 46,
            "column": 36
          },
          "end": {
            "line": 54,
            "column": 21
          }
        },
        "line": 46
      },
      "4": {
        "name": "(anonymous_4)",
        "decl": {
          "start": {
            "line": 65,
            "column": 27
          },
          "end": {
            "line": 65,
            "column": 28
          }
        },
        "loc": {
          "start": {
            "line": 65,
            "column": 47
          },
          "end": {
            "line": 103,
            "column": 5
          }
        },
        "line": 65
      },
      "5": {
        "name": "(anonymous_5)",
        "decl": {
          "start": {
            "line": 87,
            "column": 20
          },
          "end": {
            "line": 87,
            "column": 21
          }
        },
        "loc": {
          "start": {
            "line": 87,
            "column": 36
          },
          "end": {
            "line": 93,
            "column": 21
          }
        },
        "line": 87
      }
    },
    "branchMap": {
      "0": {
        "loc": {
          "start": {
            "line": 18,
            "column": 12
          },
          "end": {
            "line": 20,
            "column": 13
          }
        },
        "type": "if",
        "locations": [
          {
            "start": {
              "line": 18,
              "column": 12
            },
            "end": {
              "line": 20,
              "column": 13
            }
          },
          {
            "start": {},
            "end": {}
          }
        ],
        "line": 18
      },
      "1": {
        "loc": {
          "start": {
            "line": 29,
            "column": 12
          },
          "end": {
            "line": 56,
            "column": 13
          }
        },
        "type": "if",
        "locations": [
          {
            "start": {
              "line": 29,
              "column": 12
            },
            "end": {
              "line": 56,
              "column": 13
            }
          },
          {
            "start": {
              "line": 32,
              "column": 19
            },
            "end": {
              "line": 56,
              "column": 13
            }
          }
        ],
        "line": 29
      },
      "2": {
        "loc": {
          "start": {
            "line": 48,
            "column": 24
          },
          "end": {
            "line": 50,
            "column": 25
          }
        },
        "type": "if",
        "locations": [
          {
            "start": {
              "line": 48,
              "column": 24
            },
            "end": {
              "line": 50,
              "column": 25
            }
          },
          {
            "start": {},
            "end": {}
          }
        ],
        "line": 48
      },
      "3": {
        "loc": {
          "start": {
            "line": 69,
            "column": 12
          },
          "end": {
            "line": 72,
            "column": 13
          }
        },
        "type": "if",
        "locations": [
          {
            "start": {
              "line": 69,
              "column": 12
            },
            "end": {
              "line": 72,
              "column": 13
            }
          },
          {
            "start": {},
            "end": {}
          }
        ],
        "line": 69
      },
      "4": {
        "loc": {
          "start": {
            "line": 77,
            "column": 12
          },
          "end": {
            "line": 97,
            "column": 13
          }
        },
        "type": "if",
        "locations": [
          {
            "start": {
              "line": 77,
              "column": 12
            },
            "end": {
              "line": 97,
              "column": 13
            }
          },
          {
            "start": {
              "line": 95,
              "column": 19
            },
            "end": {
              "line": 97,
              "column": 13
            }
          }
        ],
        "line": 77
      },
      "5": {
        "loc": {
          "start": {
            "line": 88,
            "column": 24
          },
          "end": {
            "line": 90,
            "column": 25
          }
        },
        "type": "if",
        "locations": [
          {
            "start": {
              "line": 88,
              "column": 24
            },
            "end": {
              "line": 90,
              "column": 25
            }
          },
          {
            "start": {},
            "end": {}
          }
        ],
        "line": 88
      }
    },
    "s": {
      "0": 3,
      "1": 3,
      "2": 3,
      "3": 3,
      "4": 3,
      "5": 3,
      "6": 3,
      "7": 3,
      "8": 3,
      "9": 2,
      "10": 2,
      "11": 2,
      "12": 2,
      "13": 2,
      "14": 2,
      "15": 0,
      "16": 0,
      "17": 0,
      "18": 0,
      "19": 0,
      "20": 0,
      "21": 0,
      "22": 0,
      "23": 0,
      "24": 0,
      "25": 0,
      "26": 0,
      "27": 0,
      "28": 3,
      "29": 0,
      "30": 0,
      "31": 0,
      "32": 0,
      "33": 0,
      "34": 0,
      "35": 0,
      "36": 0,
      "37": 0,
      "38": 0,
      "39": 0,
      "40": 0,
      "41": 0,
      "42": 0,
      "43": 0,
      "44": 0,
      "45": 0,
      "46": 0,
      "47": 3,
      "48": 3
    },
    "f": {
      "0": 3,
      "1": 2,
      "2": 0,
      "3": 0,
      "4": 0,
      "5": 0
    },
    "b": {
      "0": [
        2,
        0
      ],
      "1": [
        0,
        0
      ],
      "2": [
        0,
        0
      ],
      "3": [
        0,
        0
      ],
      "4": [
        0,
        0
      ],
      "5": [
        0,
        0
      ]
    },
    "_coverageSchema": "1a1c01bbd47fc00a2c39e90264f33305004495a9",
    "hash": "675cec0adeb969677c8478a04ba94b1b0ecc5c76"
  },
  "C:\\Users\\trevo\\WebstormProjects\\TrevorsTodoList\\server\\routes\\todos.js": {
    "path": "C:\\Users\\trevo\\WebstormProjects\\TrevorsTodoList\\server\\routes\\todos.js",
    "statementMap": {
      "0": {
        "start": {
          "line": 1,
          "column": 16
        },
        "end": {
          "line": 1,
          "column": 34
        }
      },
      "1": {
        "start": {
          "line": 2,
          "column": 15
        },
        "end": {
          "line": 2,
          "column": 31
        }
      },
      "2": {
        "start": {
          "line": 3,
          "column": 19
        },
        "end": {
          "line": 3,
          "column": 45
        }
      },
      "3": {
        "start": {
          "line": 4,
          "column": 20
        },
        "end": {
          "line": 4,
          "column": 54
        }
      },
      "4": {
        "start": {
          "line": 5,
          "column": 12
        },
        "end": {
          "line": 5,
          "column": 35
        }
      },
      "5": {
        "start": {
          "line": 7,
          "column": 24
        },
        "end": {
          "line": 162,
          "column": 1
        }
      },
      "6": {
        "start": {
          "line": 9,
          "column": 29
        },
        "end": {
          "line": 30,
          "column": 5
        }
      },
      "7": {
        "start": {
          "line": 10,
          "column": 32
        },
        "end": {
          "line": 10,
          "column": 43
        }
      },
      "8": {
        "start": {
          "line": 12,
          "column": 8
        },
        "end": {
          "line": 14,
          "column": 9
        }
      },
      "9": {
        "start": {
          "line": 13,
          "column": 12
        },
        "end": {
          "line": 13,
          "column": 81
        }
      },
      "10": {
        "start": {
          "line": 16,
          "column": 22
        },
        "end": {
          "line": 16,
          "column": 49
        }
      },
      "11": {
        "start": {
          "line": 19,
          "column": 8
        },
        "end": {
          "line": 29,
          "column": 10
        }
      },
      "12": {
        "start": {
          "line": 23,
          "column": 16
        },
        "end": {
          "line": 24,
          "column": 83
        }
      },
      "13": {
        "start": {
          "line": 24,
          "column": 20
        },
        "end": {
          "line": 24,
          "column": 83
        }
      },
      "14": {
        "start": {
          "line": 25,
          "column": 16
        },
        "end": {
          "line": 25,
          "column": 35
        }
      },
      "15": {
        "start": {
          "line": 26,
          "column": 16
        },
        "end": {
          "line": 26,
          "column": 47
        }
      },
      "16": {
        "start": {
          "line": 27,
          "column": 16
        },
        "end": {
          "line": 27,
          "column": 23
        }
      },
      "17": {
        "start": {
          "line": 32,
          "column": 24
        },
        "end": {
          "line": 32,
          "column": 56
        }
      },
      "18": {
        "start": {
          "line": 38,
          "column": 4
        },
        "end": {
          "line": 64,
          "column": 7
        }
      },
      "19": {
        "start": {
          "line": 39,
          "column": 8
        },
        "end": {
          "line": 63,
          "column": 9
        }
      },
      "20": {
        "start": {
          "line": 42,
          "column": 26
        },
        "end": {
          "line": 42,
          "column": 66
        }
      },
      "21": {
        "start": {
          "line": 58,
          "column": 12
        },
        "end": {
          "line": 58,
          "column": 28
        }
      },
      "22": {
        "start": {
          "line": 59,
          "column": 12
        },
        "end": {
          "line": 59,
          "column": 28
        }
      },
      "23": {
        "start": {
          "line": 61,
          "column": 12
        },
        "end": {
          "line": 61,
          "column": 29
        }
      },
      "24": {
        "start": {
          "line": 62,
          "column": 12
        },
        "end": {
          "line": 62,
          "column": 58
        }
      },
      "25": {
        "start": {
          "line": 67,
          "column": 4
        },
        "end": {
          "line": 83,
          "column": 7
        }
      },
      "26": {
        "start": {
          "line": 68,
          "column": 8
        },
        "end": {
          "line": 82,
          "column": 9
        }
      },
      "27": {
        "start": {
          "line": 69,
          "column": 23
        },
        "end": {
          "line": 69,
          "column": 36
        }
      },
      "28": {
        "start": {
          "line": 70,
          "column": 25
        },
        "end": {
          "line": 70,
          "column": 50
        }
      },
      "29": {
        "start": {
          "line": 71,
          "column": 12
        },
        "end": {
          "line": 77,
          "column": 13
        }
      },
      "30": {
        "start": {
          "line": 72,
          "column": 16
        },
        "end": {
          "line": 72,
          "column": 32
        }
      },
      "31": {
        "start": {
          "line": 73,
          "column": 16
        },
        "end": {
          "line": 73,
          "column": 47
        }
      },
      "32": {
        "start": {
          "line": 75,
          "column": 16
        },
        "end": {
          "line": 75,
          "column": 32
        }
      },
      "33": {
        "start": {
          "line": 76,
          "column": 16
        },
        "end": {
          "line": 76,
          "column": 42
        }
      },
      "34": {
        "start": {
          "line": 79,
          "column": 12
        },
        "end": {
          "line": 79,
          "column": 29
        }
      },
      "35": {
        "start": {
          "line": 80,
          "column": 12
        },
        "end": {
          "line": 80,
          "column": 28
        }
      },
      "36": {
        "start": {
          "line": 81,
          "column": 12
        },
        "end": {
          "line": 81,
          "column": 46
        }
      },
      "37": {
        "start": {
          "line": 86,
          "column": 4
        },
        "end": {
          "line": 106,
          "column": 7
        }
      },
      "38": {
        "start": {
          "line": 87,
          "column": 8
        },
        "end": {
          "line": 105,
          "column": 9
        }
      },
      "39": {
        "start": {
          "line": 89,
          "column": 32
        },
        "end": {
          "line": 89,
          "column": 40
        }
      },
      "40": {
        "start": {
          "line": 91,
          "column": 12
        },
        "end": {
          "line": 93,
          "column": 15
        }
      },
      "41": {
        "start": {
          "line": 92,
          "column": 16
        },
        "end": {
          "line": 92,
          "column": 79
        }
      },
      "42": {
        "start": {
          "line": 94,
          "column": 12
        },
        "end": {
          "line": 100,
          "column": 13
        }
      },
      "43": {
        "start": {
          "line": 95,
          "column": 16
        },
        "end": {
          "line": 95,
          "column": 32
        }
      },
      "44": {
        "start": {
          "line": 96,
          "column": 16
        },
        "end": {
          "line": 96,
          "column": 81
        }
      },
      "45": {
        "start": {
          "line": 98,
          "column": 16
        },
        "end": {
          "line": 98,
          "column": 32
        }
      },
      "46": {
        "start": {
          "line": 99,
          "column": 16
        },
        "end": {
          "line": 99,
          "column": 44
        }
      },
      "47": {
        "start": {
          "line": 102,
          "column": 12
        },
        "end": {
          "line": 102,
          "column": 29
        }
      },
      "48": {
        "start": {
          "line": 103,
          "column": 12
        },
        "end": {
          "line": 103,
          "column": 28
        }
      },
      "49": {
        "start": {
          "line": 104,
          "column": 12
        },
        "end": {
          "line": 104,
          "column": 46
        }
      },
      "50": {
        "start": {
          "line": 109,
          "column": 4
        },
        "end": {
          "line": 133,
          "column": 7
        }
      },
      "51": {
        "start": {
          "line": 110,
          "column": 19
        },
        "end": {
          "line": 110,
          "column": 32
        }
      },
      "52": {
        "start": {
          "line": 112,
          "column": 8
        },
        "end": {
          "line": 132,
          "column": 9
        }
      },
      "53": {
        "start": {
          "line": 113,
          "column": 12
        },
        "end": {
          "line": 115,
          "column": 15
        }
      },
      "54": {
        "start": {
          "line": 114,
          "column": 16
        },
        "end": {
          "line": 114,
          "column": 57
        }
      },
      "55": {
        "start": {
          "line": 117,
          "column": 12
        },
        "end": {
          "line": 128,
          "column": 13
        }
      },
      "56": {
        "start": {
          "line": 118,
          "column": 16
        },
        "end": {
          "line": 118,
          "column": 32
        }
      },
      "57": {
        "start": {
          "line": 119,
          "column": 16
        },
        "end": {
          "line": 119,
          "column": 76
        }
      },
      "58": {
        "start": {
          "line": 120,
          "column": 19
        },
        "end": {
          "line": 128,
          "column": 13
        }
      },
      "59": {
        "start": {
          "line": 121,
          "column": 16
        },
        "end": {
          "line": 121,
          "column": 32
        }
      },
      "60": {
        "start": {
          "line": 122,
          "column": 16
        },
        "end": {
          "line": 122,
          "column": 29
        }
      },
      "61": {
        "start": {
          "line": 126,
          "column": 16
        },
        "end": {
          "line": 126,
          "column": 32
        }
      },
      "62": {
        "start": {
          "line": 127,
          "column": 16
        },
        "end": {
          "line": 127,
          "column": 58
        }
      },
      "63": {
        "start": {
          "line": 130,
          "column": 12
        },
        "end": {
          "line": 130,
          "column": 28
        }
      },
      "64": {
        "start": {
          "line": 131,
          "column": 12
        },
        "end": {
          "line": 131,
          "column": 46
        }
      },
      "65": {
        "start": {
          "line": 136,
          "column": 4
        },
        "end": {
          "line": 160,
          "column": 7
        }
      },
      "66": {
        "start": {
          "line": 137,
          "column": 8
        },
        "end": {
          "line": 159,
          "column": 9
        }
      },
      "67": {
        "start": {
          "line": 138,
          "column": 25
        },
        "end": {
          "line": 138,
          "column": 45
        }
      },
      "68": {
        "start": {
          "line": 139,
          "column": 23
        },
        "end": {
          "line": 139,
          "column": 36
        }
      },
      "69": {
        "start": {
          "line": 141,
          "column": 12
        },
        "end": {
          "line": 143,
          "column": 15
        }
      },
      "70": {
        "start": {
          "line": 142,
          "column": 16
        },
        "end": {
          "line": 142,
          "column": 63
        }
      },
      "71": {
        "start": {
          "line": 144,
          "column": 12
        },
        "end": {
          "line": 154,
          "column": 13
        }
      },
      "72": {
        "start": {
          "line": 145,
          "column": 16
        },
        "end": {
          "line": 145,
          "column": 32
        }
      },
      "73": {
        "start": {
          "line": 146,
          "column": 16
        },
        "end": {
          "line": 146,
          "column": 79
        }
      },
      "74": {
        "start": {
          "line": 147,
          "column": 19
        },
        "end": {
          "line": 154,
          "column": 13
        }
      },
      "75": {
        "start": {
          "line": 148,
          "column": 16
        },
        "end": {
          "line": 148,
          "column": 32
        }
      },
      "76": {
        "start": {
          "line": 149,
          "column": 16
        },
        "end": {
          "line": 149,
          "column": 47
        }
      },
      "77": {
        "start": {
          "line": 152,
          "column": 16
        },
        "end": {
          "line": 152,
          "column": 39
        }
      },
      "78": {
        "start": {
          "line": 153,
          "column": 16
        },
        "end": {
          "line": 153,
          "column": 32
        }
      },
      "79": {
        "start": {
          "line": 156,
          "column": 12
        },
        "end": {
          "line": 156,
          "column": 29
        }
      },
      "80": {
        "start": {
          "line": 157,
          "column": 12
        },
        "end": {
          "line": 157,
          "column": 28
        }
      },
      "81": {
        "start": {
          "line": 158,
          "column": 12
        },
        "end": {
          "line": 158,
          "column": 46
        }
      },
      "82": {
        "start": {
          "line": 161,
          "column": 4
        },
        "end": {
          "line": 161,
          "column": 18
        }
      },
      "83": {
        "start": {
          "line": 164,
          "column": 0
        },
        "end": {
          "line": 164,
          "column": 33
        }
      }
    },
    "fnMap": {
      "0": {
        "name": "(anonymous_0)",
        "decl": {
          "start": {
            "line": 7,
            "column": 24
          },
          "end": {
            "line": 7,
            "column": 25
          }
        },
        "loc": {
          "start": {
            "line": 7,
            "column": 30
          },
          "end": {
            "line": 162,
            "column": 1
          }
        },
        "line": 7
      },
      "1": {
        "name": "(anonymous_1)",
        "decl": {
          "start": {
            "line": 9,
            "column": 29
          },
          "end": {
            "line": 9,
            "column": 30
          }
        },
        "loc": {
          "start": {
            "line": 9,
            "column": 49
          },
          "end": {
            "line": 30,
            "column": 5
          }
        },
        "line": 9
      },
      "2": {
        "name": "(anonymous_2)",
        "decl": {
          "start": {
            "line": 22,
            "column": 12
          },
          "end": {
            "line": 22,
            "column": 13
          }
        },
        "loc": {
          "start": {
            "line": 22,
            "column": 36
          },
          "end": {
            "line": 28,
            "column": 13
          }
        },
        "line": 22
      },
      "3": {
        "name": "(anonymous_3)",
        "decl": {
          "start": {
            "line": 38,
            "column": 43
          },
          "end": {
            "line": 38,
            "column": 44
          }
        },
        "loc": {
          "start": {
            "line": 38,
            "column": 63
          },
          "end": {
            "line": 64,
            "column": 5
          }
        },
        "line": 38
      },
      "4": {
        "name": "(anonymous_4)",
        "decl": {
          "start": {
            "line": 67,
            "column": 46
          },
          "end": {
            "line": 67,
            "column": 47
          }
        },
        "loc": {
          "start": {
            "line": 67,
            "column": 66
          },
          "end": {
            "line": 83,
            "column": 5
          }
        },
        "line": 67
      },
      "5": {
        "name": "(anonymous_5)",
        "decl": {
          "start": {
            "line": 86,
            "column": 44
          },
          "end": {
            "line": 86,
            "column": 45
          }
        },
        "loc": {
          "start": {
            "line": 86,
            "column": 64
          },
          "end": {
            "line": 106,
            "column": 5
          }
        },
        "line": 86
      },
      "6": {
        "name": "(anonymous_6)",
        "decl": {
          "start": {
            "line": 91,
            "column": 44
          },
          "end": {
            "line": 91,
            "column": 45
          }
        },
        "loc": {
          "start": {
            "line": 91,
            "column": 57
          },
          "end": {
            "line": 93,
            "column": 13
          }
        },
        "line": 91
      },
      "7": {
        "name": "(anonymous_7)",
        "decl": {
          "start": {
            "line": 109,
            "column": 49
          },
          "end": {
            "line": 109,
            "column": 50
          }
        },
        "loc": {
          "start": {
            "line": 109,
            "column": 69
          },
          "end": {
            "line": 133,
            "column": 5
          }
        },
        "line": 109
      },
      "8": {
        "name": "(anonymous_8)",
        "decl": {
          "start": {
            "line": 113,
            "column": 44
          },
          "end": {
            "line": 113,
            "column": 45
          }
        },
        "loc": {
          "start": {
            "line": 113,
            "column": 57
          },
          "end": {
            "line": 115,
            "column": 13
          }
        },
        "line": 113
      },
      "9": {
        "name": "(anonymous_9)",
        "decl": {
          "start": {
            "line": 136,
            "column": 46
          },
          "end": {
            "line": 136,
            "column": 47
          }
        },
        "loc": {
          "start": {
            "line": 136,
            "column": 66
          },
          "end": {
            "line": 160,
            "column": 5
          }
        },
        "line": 136
      },
      "10": {
        "name": "(anonymous_10)",
        "decl": {
          "start": {
            "line": 141,
            "column": 44
          },
          "end": {
            "line": 141,
            "column": 45
          }
        },
        "loc": {
          "start": {
            "line": 141,
            "column": 57
          },
          "end": {
            "line": 143,
            "column": 13
          }
        },
        "line": 141
      }
    },
    "branchMap": {
      "0": {
        "loc": {
          "start": {
            "line": 12,
            "column": 8
          },
          "end": {
            "line": 14,
            "column": 9
          }
        },
        "type": "if",
        "locations": [
          {
            "start": {
              "line": 12,
              "column": 8
            },
            "end": {
              "line": 14,
              "column": 9
            }
          },
          {
            "start": {},
            "end": {}
          }
        ],
        "line": 12
      },
      "1": {
        "loc": {
          "start": {
            "line": 23,
            "column": 16
          },
          "end": {
            "line": 24,
            "column": 83
          }
        },
        "type": "if",
        "locations": [
          {
            "start": {
              "line": 23,
              "column": 16
            },
            "end": {
              "line": 24,
              "column": 83
            }
          },
          {
            "start": {},
            "end": {}
          }
        ],
        "line": 23
      },
      "2": {
        "loc": {
          "start": {
            "line": 71,
            "column": 12
          },
          "end": {
            "line": 77,
            "column": 13
          }
        },
        "type": "if",
        "locations": [
          {
            "start": {
              "line": 71,
              "column": 12
            },
            "end": {
              "line": 77,
              "column": 13
            }
          },
          {
            "start": {
              "line": 74,
              "column": 19
            },
            "end": {
              "line": 77,
              "column": 13
            }
          }
        ],
        "line": 71
      },
      "3": {
        "loc": {
          "start": {
            "line": 94,
            "column": 12
          },
          "end": {
            "line": 100,
            "column": 13
          }
        },
        "type": "if",
        "locations": [
          {
            "start": {
              "line": 94,
              "column": 12
            },
            "end": {
              "line": 100,
              "column": 13
            }
          },
          {
            "start": {
              "line": 97,
              "column": 19
            },
            "end": {
              "line": 100,
              "column": 13
            }
          }
        ],
        "line": 94
      },
      "4": {
        "loc": {
          "start": {
            "line": 117,
            "column": 12
          },
          "end": {
            "line": 128,
            "column": 13
          }
        },
        "type": "if",
        "locations": [
          {
            "start": {
              "line": 117,
              "column": 12
            },
            "end": {
              "line": 128,
              "column": 13
            }
          },
          {
            "start": {
              "line": 120,
              "column": 19
            },
            "end": {
              "line": 128,
              "column": 13
            }
          }
        ],
        "line": 117
      },
      "5": {
        "loc": {
          "start": {
            "line": 120,
            "column": 19
          },
          "end": {
            "line": 128,
            "column": 13
          }
        },
        "type": "if",
        "locations": [
          {
            "start": {
              "line": 120,
              "column": 19
            },
            "end": {
              "line": 128,
              "column": 13
            }
          },
          {
            "start": {
              "line": 123,
              "column": 19
            },
            "end": {
              "line": 128,
              "column": 13
            }
          }
        ],
        "line": 120
      },
      "6": {
        "loc": {
          "start": {
            "line": 144,
            "column": 12
          },
          "end": {
            "line": 154,
            "column": 13
          }
        },
        "type": "if",
        "locations": [
          {
            "start": {
              "line": 144,
              "column": 12
            },
            "end": {
              "line": 154,
              "column": 13
            }
          },
          {
            "start": {
              "line": 147,
              "column": 19
            },
            "end": {
              "line": 154,
              "column": 13
            }
          }
        ],
        "line": 144
      },
      "7": {
        "loc": {
          "start": {
            "line": 147,
            "column": 19
          },
          "end": {
            "line": 154,
            "column": 13
          }
        },
        "type": "if",
        "locations": [
          {
            "start": {
              "line": 147,
              "column": 19
            },
            "end": {
              "line": 154,
              "column": 13
            }
          },
          {
            "start": {
              "line": 150,
              "column": 19
            },
            "end": {
              "line": 154,
              "column": 13
            }
          }
        ],
        "line": 147
      }
    },
    "s": {
      "0": 3,
      "1": 3,
      "2": 3,
      "3": 3,
      "4": 3,
      "5": 3,
      "6": 3,
      "7": 24,
      "8": 24,
      "9": 1,
      "10": 23,
      "11": 23,
      "12": 23,
      "13": 1,
      "14": 22,
      "15": 22,
      "16": 22,
      "17": 3,
      "18": 3,
      "19": 2,
      "20": 2,
      "21": 1,
      "22": 1,
      "23": 1,
      "24": 1,
      "25": 3,
      "26": 3,
      "27": 3,
      "28": 3,
      "29": 2,
      "30": 1,
      "31": 1,
      "32": 1,
      "33": 1,
      "34": 1,
      "35": 1,
      "36": 1,
      "37": 3,
      "38": 6,
      "39": 6,
      "40": 6,
      "41": 5,
      "42": 5,
      "43": 1,
      "44": 1,
      "45": 4,
      "46": 4,
      "47": 1,
      "48": 1,
      "49": 1,
      "50": 3,
      "51": 7,
      "52": 7,
      "53": 7,
      "54": 6,
      "55": 6,
      "56": 1,
      "57": 1,
      "58": 5,
      "59": 4,
      "60": 4,
      "61": 1,
      "62": 1,
      "63": 1,
      "64": 1,
      "65": 3,
      "66": 4,
      "67": 4,
      "68": 4,
      "69": 4,
      "70": 3,
      "71": 3,
      "72": 1,
      "73": 1,
      "74": 2,
      "75": 1,
      "76": 1,
      "77": 1,
      "78": 1,
      "79": 1,
      "80": 1,
      "81": 1,
      "82": 3,
      "83": 3
    },
    "f": {
      "0": 3,
      "1": 24,
      "2": 23,
      "3": 2,
      "4": 3,
      "5": 6,
      "6": 5,
      "7": 7,
      "8": 6,
      "9": 4,
      "10": 3
    },
    "b": {
      "0": [
        1,
        23
      ],
      "1": [
        1,
        22
      ],
      "2": [
        1,
        1
      ],
      "3": [
        1,
        4
      ],
      "4": [
        1,
        5
      ],
      "5": [
        4,
        1
      ],
      "6": [
        1,
        2
      ],
      "7": [
        1,
        1
      ]
    },
    "_coverageSchema": "1a1c01bbd47fc00a2c39e90264f33305004495a9",
    "hash": "c0ba70730096325f68fb48fba6b037f2aaf1d520"
  },
  "C:\\Users\\trevo\\WebstormProjects\\TrevorsTodoList\\server\\services\\TodoListService.js": {
    "path": "C:\\Users\\trevo\\WebstormProjects\\TrevorsTodoList\\server\\services\\TodoListService.js",
    "statementMap": {
      "0": {
        "start": {
          "line": 1,
          "column": 15
        },
        "end": {
          "line": 1,
          "column": 35
        }
      },
      "1": {
        "start": {
          "line": 6,
          "column": 8
        },
        "end": {
          "line": 6,
          "column": 32
        }
      },
      "2": {
        "start": {
          "line": 8,
          "column": 8
        },
        "end": {
          "line": 8,
          "column": 45
        }
      },
      "3": {
        "start": {
          "line": 13,
          "column": 0
        },
        "end": {
          "line": 13,
          "column": 33
        }
      }
    },
    "fnMap": {
      "0": {
        "name": "(anonymous_0)",
        "decl": {
          "start": {
            "line": 4,
            "column": 4
          },
          "end": {
            "line": 4,
            "column": 5
          }
        },
        "loc": {
          "start": {
            "line": 4,
            "column": 27
          },
          "end": {
            "line": 9,
            "column": 5
          }
        },
        "line": 4
      }
    },
    "branchMap": {},
    "s": {
      "0": 3,
      "1": 3,
      "2": 3,
      "3": 3
    },
    "f": {
      "0": 3
    },
    "b": {},
    "_coverageSchema": "1a1c01bbd47fc00a2c39e90264f33305004495a9",
    "hash": "761d8db95d2642564bff4b2be024de1cec17c6e1"
  },
  "C:\\Users\\trevo\\WebstormProjects\\TrevorsTodoList\\server\\services\\TodoService.js": {
    "path": "C:\\Users\\trevo\\WebstormProjects\\TrevorsTodoList\\server\\services\\TodoService.js",
    "statementMap": {
      "0": {
        "start": {
          "line": 1,
          "column": 15
        },
        "end": {
          "line": 1,
          "column": 35
        }
      },
      "1": {
        "start": {
          "line": 7,
          "column": 8
        },
        "end": {
          "line": 7,
          "column": 32
        }
      },
      "2": {
        "start": {
          "line": 9,
          "column": 8
        },
        "end": {
          "line": 9,
          "column": 45
        }
      },
      "3": {
        "start": {
          "line": 14,
          "column": 18
        },
        "end": {
          "line": 14,
          "column": 49
        }
      },
      "4": {
        "start": {
          "line": 15,
          "column": 8
        },
        "end": {
          "line": 23,
          "column": 9
        }
      },
      "5": {
        "start": {
          "line": 17,
          "column": 12
        },
        "end": {
          "line": 17,
          "column": 26
        }
      },
      "6": {
        "start": {
          "line": 19,
          "column": 12
        },
        "end": {
          "line": 19,
          "column": 30
        }
      },
      "7": {
        "start": {
          "line": 22,
          "column": 12
        },
        "end": {
          "line": 22,
          "column": 31
        }
      },
      "8": {
        "start": {
          "line": 29,
          "column": 25
        },
        "end": {
          "line": 33,
          "column": 10
        }
      },
      "9": {
        "start": {
          "line": 35,
          "column": 28
        },
        "end": {
          "line": 39,
          "column": 29
        }
      },
      "10": {
        "start": {
          "line": 40,
          "column": 8
        },
        "end": {
          "line": 40,
          "column": 27
        }
      },
      "11": {
        "start": {
          "line": 44,
          "column": 29
        },
        "end": {
          "line": 44,
          "column": 64
        }
      },
      "12": {
        "start": {
          "line": 45,
          "column": 8
        },
        "end": {
          "line": 45,
          "column": 28
        }
      },
      "13": {
        "start": {
          "line": 54,
          "column": 25
        },
        "end": {
          "line": 62,
          "column": 10
        }
      },
      "14": {
        "start": {
          "line": 63,
          "column": 30
        },
        "end": {
          "line": 63,
          "column": 44
        }
      },
      "15": {
        "start": {
          "line": 64,
          "column": 8
        },
        "end": {
          "line": 64,
          "column": 29
        }
      },
      "16": {
        "start": {
          "line": 68,
          "column": 28
        },
        "end": {
          "line": 76,
          "column": 14
        }
      },
      "17": {
        "start": {
          "line": 77,
          "column": 8
        },
        "end": {
          "line": 77,
          "column": 27
        }
      },
      "18": {
        "start": {
          "line": 81,
          "column": 28
        },
        "end": {
          "line": 87,
          "column": 9
        }
      },
      "19": {
        "start": {
          "line": 88,
          "column": 8
        },
        "end": {
          "line": 88,
          "column": 27
        }
      },
      "20": {
        "start": {
          "line": 93,
          "column": 0
        },
        "end": {
          "line": 93,
          "column": 29
        }
      }
    },
    "fnMap": {
      "0": {
        "name": "(anonymous_0)",
        "decl": {
          "start": {
            "line": 5,
            "column": 4
          },
          "end": {
            "line": 5,
            "column": 5
          }
        },
        "loc": {
          "start": {
            "line": 5,
            "column": 27
          },
          "end": {
            "line": 10,
            "column": 5
          }
        },
        "line": 5
      },
      "1": {
        "name": "(anonymous_1)",
        "decl": {
          "start": {
            "line": 12,
            "column": 4
          },
          "end": {
            "line": 12,
            "column": 5
          }
        },
        "loc": {
          "start": {
            "line": 12,
            "column": 30
          },
          "end": {
            "line": 24,
            "column": 5
          }
        },
        "line": 12
      },
      "2": {
        "name": "(anonymous_2)",
        "decl": {
          "start": {
            "line": 26,
            "column": 4
          },
          "end": {
            "line": 26,
            "column": 5
          }
        },
        "loc": {
          "start": {
            "line": 26,
            "column": 48
          },
          "end": {
            "line": 41,
            "column": 5
          }
        },
        "line": 26
      },
      "3": {
        "name": "(anonymous_3)",
        "decl": {
          "start": {
            "line": 43,
            "column": 4
          },
          "end": {
            "line": 43,
            "column": 5
          }
        },
        "loc": {
          "start": {
            "line": 43,
            "column": 18
          },
          "end": {
            "line": 46,
            "column": 5
          }
        },
        "line": 43
      },
      "4": {
        "name": "(anonymous_4)",
        "decl": {
          "start": {
            "line": 53,
            "column": 4
          },
          "end": {
            "line": 53,
            "column": 5
          }
        },
        "loc": {
          "start": {
            "line": 53,
            "column": 34
          },
          "end": {
            "line": 65,
            "column": 5
          }
        },
        "line": 53
      },
      "5": {
        "name": "(anonymous_5)",
        "decl": {
          "start": {
            "line": 67,
            "column": 4
          },
          "end": {
            "line": 67,
            "column": 5
          }
        },
        "loc": {
          "start": {
            "line": 67,
            "column": 46
          },
          "end": {
            "line": 78,
            "column": 5
          }
        },
        "line": 67
      },
      "6": {
        "name": "(anonymous_6)",
        "decl": {
          "start": {
            "line": 80,
            "column": 4
          },
          "end": {
            "line": 80,
            "column": 5
          }
        },
        "loc": {
          "start": {
            "line": 80,
            "column": 28
          },
          "end": {
            "line": 89,
            "column": 5
          }
        },
        "line": 80
      }
    },
    "branchMap": {},
    "s": {
      "0": 3,
      "1": 6,
      "2": 6,
      "3": 14,
      "4": 14,
      "5": 14,
      "6": 11,
      "7": 3,
      "8": 4,
      "9": 4,
      "10": 4,
      "11": 2,
      "12": 2,
      "13": 1,
      "14": 1,
      "15": 1,
      "16": 2,
      "17": 2,
      "18": 5,
      "19": 5,
      "20": 3
    },
    "f": {
      "0": 6,
      "1": 14,
      "2": 4,
      "3": 2,
      "4": 1,
      "5": 2,
      "6": 5
    },
    "b": {},
    "_coverageSchema": "1a1c01bbd47fc00a2c39e90264f33305004495a9",
    "hash": "db4ad441c1f3b0d2229dbdfd62e6cf76f44a8d90"
  },
  "C:\\Users\\trevo\\WebstormProjects\\TrevorsTodoList\\server\\services\\UserService.js": {
    "path": "C:\\Users\\trevo\\WebstormProjects\\TrevorsTodoList\\server\\services\\UserService.js",
    "statementMap": {
      "0": {
        "start": {
          "line": 1,
          "column": 15
        },
        "end": {
          "line": 1,
          "column": 35
        }
      },
      "1": {
        "start": {
          "line": 6,
          "column": 8
        },
        "end": {
          "line": 6,
          "column": 32
        }
      },
      "2": {
        "start": {
          "line": 9,
          "column": 8
        },
        "end": {
          "line": 9,
          "column": 45
        }
      },
      "3": {
        "start": {
          "line": 14,
          "column": 18
        },
        "end": {
          "line": 14,
          "column": 49
        }
      },
      "4": {
        "start": {
          "line": 15,
          "column": 8
        },
        "end": {
          "line": 23,
          "column": 9
        }
      },
      "5": {
        "start": {
          "line": 17,
          "column": 12
        },
        "end": {
          "line": 17,
          "column": 26
        }
      },
      "6": {
        "start": {
          "line": 19,
          "column": 12
        },
        "end": {
          "line": 19,
          "column": 30
        }
      },
      "7": {
        "start": {
          "line": 22,
          "column": 12
        },
        "end": {
          "line": 22,
          "column": 31
        }
      },
      "8": {
        "start": {
          "line": 29,
          "column": 28
        },
        "end": {
          "line": 34,
          "column": 29
        }
      },
      "9": {
        "start": {
          "line": 36,
          "column": 32
        },
        "end": {
          "line": 41,
          "column": 9
        }
      },
      "10": {
        "start": {
          "line": 42,
          "column": 8
        },
        "end": {
          "line": 42,
          "column": 27
        }
      },
      "11": {
        "start": {
          "line": 46,
          "column": 29
        },
        "end": {
          "line": 50,
          "column": 10
        }
      },
      "12": {
        "start": {
          "line": 51,
          "column": 8
        },
        "end": {
          "line": 51,
          "column": 28
        }
      },
      "13": {
        "start": {
          "line": 57,
          "column": 0
        },
        "end": {
          "line": 57,
          "column": 29
        }
      }
    },
    "fnMap": {
      "0": {
        "name": "(anonymous_0)",
        "decl": {
          "start": {
            "line": 4,
            "column": 4
          },
          "end": {
            "line": 4,
            "column": 5
          }
        },
        "loc": {
          "start": {
            "line": 4,
            "column": 27
          },
          "end": {
            "line": 10,
            "column": 5
          }
        },
        "line": 4
      },
      "1": {
        "name": "(anonymous_1)",
        "decl": {
          "start": {
            "line": 12,
            "column": 4
          },
          "end": {
            "line": 12,
            "column": 5
          }
        },
        "loc": {
          "start": {
            "line": 12,
            "column": 30
          },
          "end": {
            "line": 24,
            "column": 5
          }
        },
        "line": 12
      },
      "2": {
        "name": "(anonymous_2)",
        "decl": {
          "start": {
            "line": 26,
            "column": 4
          },
          "end": {
            "line": 26,
            "column": 5
          }
        },
        "loc": {
          "start": {
            "line": 26,
            "column": 57
          },
          "end": {
            "line": 43,
            "column": 5
          }
        },
        "line": 26
      },
      "3": {
        "name": "(anonymous_3)",
        "decl": {
          "start": {
            "line": 45,
            "column": 4
          },
          "end": {
            "line": 45,
            "column": 5
          }
        },
        "loc": {
          "start": {
            "line": 45,
            "column": 34
          },
          "end": {
            "line": 52,
            "column": 5
          }
        },
        "line": 45
      }
    },
    "branchMap": {},
    "s": {
      "0": 3,
      "1": 5,
      "2": 5,
      "3": 2,
      "4": 2,
      "5": 2,
      "6": 1,
      "7": 1,
      "8": 19,
      "9": 19,
      "10": 19,
      "11": 3,
      "12": 3,
      "13": 3
    },
    "f": {
      "0": 5,
      "1": 2,
      "2": 19,
      "3": 3
    },
    "b": {},
    "_coverageSchema": "1a1c01bbd47fc00a2c39e90264f33305004495a9",
    "hash": "6e05fd9eca24d516e8b190e9501621b988920bf2"
  }
}
