TN:
SF:index.js
FN:10,(anonymous_0)
FN:22,(anonymous_1)
FN:37,(anonymous_2)
FNF:3
FNH:1
FNDA:3,(anonymous_0)
FNDA:0,(anonymous_1)
FNDA:0,(anonymous_2)
DA:1,3
DA:2,3
DA:3,3
DA:4,3
DA:5,3
DA:6,3
DA:7,3
DA:8,3
DA:10,3
DA:11,3
DA:12,3
DA:14,3
DA:16,3
DA:17,3
DA:19,3
DA:22,3
DA:23,0
DA:24,0
DA:25,0
DA:27,0
DA:28,0
DA:29,0
DA:30,0
DA:31,0
DA:33,0
DA:37,3
DA:46,3
DA:48,3
DA:49,3
LF:29
LH:20
BRDA:24,0,0,0
BRDA:24,0,1,0
BRF:2
BRH:0
end_of_record
TN:
SF:bin\start.js
FN:3,connectToMyPostgres
FN:6,(anonymous_1)
FN:9,(anonymous_2)
FNF:3
FNH:3
FNDA:6,connectToMyPostgres
FNDA:3,(anonymous_1)
FNDA:1,(anonymous_2)
DA:1,4
DA:2,4
DA:4,6
DA:10,1
DA:11,1
DA:13,6
DA:16,4
DA:21,4
DA:24,4
DA:25,4
DA:28,4
LF:11
LH:11
BRDA:3,0,0,5
BRF:1
BRH:1
end_of_record
TN:
SF:config\index.js
FNF:0
FNH:0
DA:1,4
LF:1
LH:1
BRF:0
BRH:0
end_of_record
TN:
SF:data\resolvers.js
FN:8,(anonymous_0)
FN:22,(anonymous_1)
FN:25,(anonymous_2)
FN:33,(anonymous_3)
FN:43,(anonymous_4)
FN:45,(anonymous_5)
FN:51,(anonymous_6)
FN:61,(anonymous_7)
FN:63,(anonymous_8)
FN:69,(anonymous_9)
FN:71,(anonymous_10)
FNF:11
FNH:0
FNDA:0,(anonymous_0)
FNDA:0,(anonymous_1)
FNDA:0,(anonymous_2)
FNDA:0,(anonymous_3)
FNDA:0,(anonymous_4)
FNDA:0,(anonymous_5)
FNDA:0,(anonymous_6)
FNDA:0,(anonymous_7)
FNDA:0,(anonymous_8)
FNDA:0,(anonymous_9)
FNDA:0,(anonymous_10)
DA:1,3
DA:2,3
DA:3,3
DA:4,3
DA:5,3
DA:9,0
DA:10,0
DA:11,0
DA:12,0
DA:13,0
DA:14,0
DA:15,0
DA:20,3
DA:23,0
DA:26,0
DA:27,0
DA:28,0
DA:34,0
DA:35,0
DA:36,0
DA:38,0
DA:39,0
DA:45,0
DA:46,0
DA:48,0
DA:52,0
DA:53,0
DA:54,0
DA:56,0
DA:57,0
DA:63,0
DA:64,0
DA:66,0
DA:71,0
DA:72,0
DA:74,0
DA:88,3
LF:37
LH:7
BRF:0
BRH:0
end_of_record
TN:
SF:data\schema.js
FNF:0
FNH:0
DA:1,3
DA:3,3
DA:71,3
LF:3
LH:3
BRF:0
BRH:0
end_of_record
TN:
SF:models\sequelize\index.js
FN:21,(anonymous_0)
FN:22,(anonymous_1)
FN:28,(anonymous_2)
FN:29,(anonymous_3)
FNF:4
FNH:4
FNDA:20,(anonymous_0)
FNDA:15,(anonymous_1)
FNDA:6,(anonymous_2)
FNDA:16,(anonymous_3)
DA:1,5
DA:2,5
DA:3,5
DA:4,5
DA:5,5
DA:9,5
DA:17,5
DA:20,5
DA:21,20
DA:23,15
DA:24,15
DA:28,5
DA:29,6
DA:30,16
DA:31,15
DA:35,5
DA:37,5
DA:38,5
DA:40,5
LF:19
LH:19
BRDA:21,0,0,20
BRDA:21,0,1,15
BRDA:30,1,0,15
BRDA:30,1,1,1
BRF:4
BRH:4
end_of_record
TN:
SF:models\sequelize\todo.js
FN:1,(anonymous_0)
FN:15,(anonymous_1)
FNF:2
FNH:2
FNDA:5,(anonymous_0)
FNDA:5,(anonymous_1)
DA:1,5
DA:3,5
DA:15,5
DA:16,5
DA:18,5
LF:5
LH:5
BRF:0
BRH:0
end_of_record
TN:
SF:models\sequelize\todolist.js
FN:1,(anonymous_0)
FN:12,(anonymous_1)
FNF:2
FNH:2
FNDA:5,(anonymous_0)
FNDA:5,(anonymous_1)
DA:1,5
DA:2,5
DA:12,5
DA:13,5
DA:14,5
DA:16,5
LF:6
LH:6
BRF:0
BRH:0
end_of_record
TN:
SF:models\sequelize\user.js
FN:1,(anonymous_0)
FN:13,(anonymous_1)
FNF:2
FNH:2
FNDA:5,(anonymous_0)
FNDA:5,(anonymous_1)
DA:1,5
DA:3,5
DA:13,5
DA:14,5
DA:16,5
LF:5
LH:5
BRF:0
BRH:0
end_of_record
TN:
SF:routes\accounts.js
FN:8,(anonymous_0)
FN:13,(anonymous_1)
FN:25,(anonymous_2)
FN:46,(anonymous_3)
FN:65,(anonymous_4)
FN:87,(anonymous_5)
FNF:6
FNH:2
FNDA:3,(anonymous_0)
FNDA:2,(anonymous_1)
FNDA:0,(anonymous_2)
FNDA:0,(anonymous_3)
FNDA:0,(anonymous_4)
FNDA:0,(anonymous_5)
DA:1,3
DA:2,3
DA:3,3
DA:4,3
DA:5,3
DA:6,3
DA:8,3
DA:10,3
DA:13,3
DA:14,2
DA:15,2
DA:16,2
DA:18,2
DA:19,2
DA:22,2
DA:25,0
DA:26,0
DA:29,0
DA:30,0
DA:31,0
DA:36,0
DA:48,0
DA:49,0
DA:52,0
DA:53,0
DA:58,0
DA:59,0
DA:60,0
DA:65,3
DA:66,0
DA:67,0
DA:68,0
DA:69,0
DA:71,0
DA:73,0
DA:74,0
DA:76,0
DA:77,0
DA:78,0
DA:88,0
DA:89,0
DA:91,0
DA:92,0
DA:96,0
DA:99,0
DA:100,0
DA:101,0
DA:105,3
DA:108,3
LF:49
LH:18
BRDA:18,0,0,2
BRDA:18,0,1,0
BRDA:29,1,0,0
BRDA:29,1,1,0
BRDA:48,2,0,0
BRDA:48,2,1,0
BRDA:69,3,0,0
BRDA:69,3,1,0
BRDA:77,4,0,0
BRDA:77,4,1,0
BRDA:88,5,0,0
BRDA:88,5,1,0
BRF:12
BRH:1
end_of_record
TN:
SF:routes\todos.js
FN:7,(anonymous_0)
FN:9,(anonymous_1)
FN:22,(anonymous_2)
FN:38,(anonymous_3)
FN:67,(anonymous_4)
FN:86,(anonymous_5)
FN:91,(anonymous_6)
FN:109,(anonymous_7)
FN:113,(anonymous_8)
FN:136,(anonymous_9)
FN:141,(anonymous_10)
FNF:11
FNH:11
FNDA:3,(anonymous_0)
FNDA:24,(anonymous_1)
FNDA:23,(anonymous_2)
FNDA:2,(anonymous_3)
FNDA:3,(anonymous_4)
FNDA:6,(anonymous_5)
FNDA:5,(anonymous_6)
FNDA:7,(anonymous_7)
FNDA:6,(anonymous_8)
FNDA:4,(anonymous_9)
FNDA:3,(anonymous_10)
DA:1,3
DA:2,3
DA:3,3
DA:4,3
DA:5,3
DA:7,3
DA:9,3
DA:10,24
DA:12,24
DA:13,1
DA:16,23
DA:19,23
DA:23,23
DA:24,1
DA:25,22
DA:26,22
DA:27,22
DA:32,3
DA:38,3
DA:39,2
DA:42,2
DA:58,1
DA:59,1
DA:61,1
DA:62,1
DA:67,3
DA:68,3
DA:69,3
DA:70,3
DA:71,2
DA:72,1
DA:73,1
DA:75,1
DA:76,1
DA:79,1
DA:80,1
DA:81,1
DA:86,3
DA:87,6
DA:89,6
DA:91,6
DA:92,5
DA:94,5
DA:95,1
DA:96,1
DA:98,4
DA:99,4
DA:102,1
DA:103,1
DA:104,1
DA:109,3
DA:110,7
DA:112,7
DA:113,7
DA:114,6
DA:117,6
DA:118,1
DA:119,1
DA:120,5
DA:121,4
DA:122,4
DA:126,1
DA:127,1
DA:130,1
DA:131,1
DA:136,3
DA:137,4
DA:138,4
DA:139,4
DA:141,4
DA:142,3
DA:144,3
DA:145,1
DA:146,1
DA:147,2
DA:148,1
DA:149,1
DA:152,1
DA:153,1
DA:156,1
DA:157,1
DA:158,1
DA:161,3
DA:164,3
LF:84
LH:84
BRDA:12,0,0,1
BRDA:12,0,1,23
BRDA:23,1,0,1
BRDA:23,1,1,22
BRDA:71,2,0,1
BRDA:71,2,1,1
BRDA:94,3,0,1
BRDA:94,3,1,4
BRDA:117,4,0,1
BRDA:117,4,1,5
BRDA:120,5,0,4
BRDA:120,5,1,1
BRDA:144,6,0,1
BRDA:144,6,1,2
BRDA:147,7,0,1
BRDA:147,7,1,1
BRF:16
BRH:16
end_of_record
TN:
SF:services\TodoListService.js
FN:4,(anonymous_0)
FNF:1
FNH:1
FNDA:3,(anonymous_0)
DA:1,3
DA:6,3
DA:8,3
DA:13,3
LF:4
LH:4
BRF:0
BRH:0
end_of_record
TN:
SF:services\TodoService.js
FN:5,(anonymous_0)
FN:12,(anonymous_1)
FN:26,(anonymous_2)
FN:43,(anonymous_3)
FN:53,(anonymous_4)
FN:67,(anonymous_5)
FN:80,(anonymous_6)
FNF:7
FNH:7
FNDA:6,(anonymous_0)
FNDA:14,(anonymous_1)
FNDA:4,(anonymous_2)
FNDA:2,(anonymous_3)
FNDA:1,(anonymous_4)
FNDA:2,(anonymous_5)
FNDA:5,(anonymous_6)
DA:1,3
DA:7,6
DA:9,6
DA:14,14
DA:15,14
DA:17,14
DA:19,11
DA:22,3
DA:29,4
DA:35,4
DA:40,4
DA:44,2
DA:45,2
DA:54,1
DA:63,1
DA:64,1
DA:68,2
DA:77,2
DA:81,5
DA:88,5
DA:93,3
LF:21
LH:21
BRF:0
BRH:0
end_of_record
TN:
SF:services\UserService.js
FN:4,(anonymous_0)
FN:12,(anonymous_1)
FN:26,(anonymous_2)
FN:45,(anonymous_3)
FNF:4
FNH:4
FNDA:5,(anonymous_0)
FNDA:2,(anonymous_1)
FNDA:19,(anonymous_2)
FNDA:3,(anonymous_3)
DA:1,3
DA:6,5
DA:9,5
DA:14,2
DA:15,2
DA:17,2
DA:19,1
DA:22,1
DA:29,19
DA:36,19
DA:42,19
DA:46,3
DA:51,3
DA:57,3
LF:14
LH:14
BRF:0
BRH:0
end_of_record
