{
  "C:\\Users\\trevo\\WebstormProjects\\TrevorsTodoList\\server\\index.js": {
    "path": "C:\\Users\\trevo\\WebstormProjects\\TrevorsTodoList\\server\\index.js",
    "statementMap": {
      "0": {
        "start": {
          "line": 1,
          "column": 16
        },
        "end": {
          "line": 1,
          "column": 34
        }
      },
      "1": {
        "start": {
          "line": 2,
          "column": 13
        },
        "end": {
          "line": 2,
          "column": 28
        }
      },
      "2": {
        "start": {
          "line": 3,
          "column": 24
        },
        "end": {
          "line": 3,
          "column": 49
        }
      },
      "3": {
        "start": {
          "line": 5,
          "column": 20
        },
        "end": {
          "line": 14,
          "column": 1
        }
      },
      "4": {
        "start": {
          "line": 6,
          "column": 16
        },
        "end": {
          "line": 6,
          "column": 25
        }
      },
      "5": {
        "start": {
          "line": 8,
          "column": 4
        },
        "end": {
          "line": 8,
          "column": 20
        }
      },
      "6": {
        "start": {
          "line": 10,
          "column": 4
        },
        "end": {
          "line": 10,
          "column": 28
        }
      },
      "7": {
        "start": {
          "line": 12,
          "column": 4
        },
        "end": {
          "line": 12,
          "column": 36
        }
      },
      "8": {
        "start": {
          "line": 13,
          "column": 4
        },
        "end": {
          "line": 13,
          "column": 15
        }
      },
      "9": {
        "start": {
          "line": 15,
          "column": 15
        },
        "end": {
          "line": 15,
          "column": 28
        }
      },
      "10": {
        "start": {
          "line": 16,
          "column": 0
        },
        "end": {
          "line": 16,
          "column": 24
        }
      }
    },
    "fnMap": {
      "0": {
        "name": "(anonymous_0)",
        "decl": {
          "start": {
            "line": 5,
            "column": 20
          },
          "end": {
            "line": 5,
            "column": 21
          }
        },
        "loc": {
          "start": {
            "line": 5,
            "column": 26
          },
          "end": {
            "line": 14,
            "column": 1
          }
        },
        "line": 5
      }
    },
    "branchMap": {},
    "s": {
      "0": 1,
      "1": 1,
      "2": 1,
      "3": 1,
      "4": 1,
      "5": 1,
      "6": 1,
      "7": 1,
      "8": 1,
      "9": 1,
      "10": 1
    },
    "f": {
      "0": 1
    },
    "b": {},
    "_coverageSchema": "1a1c01bbd47fc00a2c39e90264f33305004495a9",
    "hash": "a6b2519baef0c5da5337a5b9a5419012842dc47f"
  },
  "C:\\Users\\trevo\\WebstormProjects\\TrevorsTodoList\\server\\bin\\start.js": {
    "path": "C:\\Users\\trevo\\WebstormProjects\\TrevorsTodoList\\server\\bin\\start.js",
    "statementMap": {
      "0": {
        "start": {
          "line": 1,
          "column": 18
        },
        "end": {
          "line": 1,
          "column": 38
        }
      },
      "1": {
        "start": {
          "line": 2,
          "column": 15
        },
        "end": {
          "line": 2,
          "column": 35
        }
      },
      "2": {
        "start": {
          "line": 4,
          "column": 4
        },
        "end": {
          "line": 12,
          "column": 11
        }
      },
      "3": {
        "start": {
          "line": 10,
          "column": 12
        },
        "end": {
          "line": 10,
          "column": 33
        }
      },
      "4": {
        "start": {
          "line": 11,
          "column": 12
        },
        "end": {
          "line": 11,
          "column": 28
        }
      },
      "5": {
        "start": {
          "line": 13,
          "column": 4
        },
        "end": {
          "line": 13,
          "column": 21
        }
      },
      "6": {
        "start": {
          "line": 16,
          "column": 17
        },
        "end": {
          "line": 16,
          "column": 38
        }
      },
      "7": {
        "start": {
          "line": 19,
          "column": 0
        },
        "end": {
          "line": 19,
          "column": 34
        }
      },
      "8": {
        "start": {
          "line": 22,
          "column": 15
        },
        "end": {
          "line": 22,
          "column": 45
        }
      },
      "9": {
        "start": {
          "line": 23,
          "column": 0
        },
        "end": {
          "line": 23,
          "column": 32
        }
      },
      "10": {
        "start": {
          "line": 25,
          "column": 0
        },
        "end": {
          "line": 25,
          "column": 49
        }
      }
    },
    "fnMap": {
      "0": {
        "name": "connectToMyPostgres",
        "decl": {
          "start": {
            "line": 3,
            "column": 9
          },
          "end": {
            "line": 3,
            "column": 28
          }
        },
        "loc": {
          "start": {
            "line": 3,
            "column": 81
          },
          "end": {
            "line": 14,
            "column": 1
          }
        },
        "line": 3
      },
      "1": {
        "name": "(anonymous_1)",
        "decl": {
          "start": {
            "line": 6,
            "column": 14
          },
          "end": {
            "line": 6,
            "column": 15
          }
        },
        "loc": {
          "start": {
            "line": 6,
            "column": 20
          },
          "end": {
            "line": 8,
            "column": 9
          }
        },
        "line": 6
      },
      "2": {
        "name": "(anonymous_2)",
        "decl": {
          "start": {
            "line": 9,
            "column": 15
          },
          "end": {
            "line": 9,
            "column": 16
          }
        },
        "loc": {
          "start": {
            "line": 9,
            "column": 26
          },
          "end": {
            "line": 12,
            "column": 9
          }
        },
        "line": 9
      }
    },
    "branchMap": {
      "0": {
        "loc": {
          "start": {
            "line": 3,
            "column": 29
          },
          "end": {
            "line": 3,
            "column": 79
          }
        },
        "type": "default-arg",
        "locations": [
          {
            "start": {
              "line": 3,
              "column": 41
            },
            "end": {
              "line": 3,
              "column": 79
            }
          }
        ],
        "line": 3
      }
    },
    "s": {
      "0": 2,
      "1": 2,
      "2": 2,
      "3": 0,
      "4": 0,
      "5": 2,
      "6": 2,
      "7": 2,
      "8": 2,
      "9": 2,
      "10": 2
    },
    "f": {
      "0": 2,
      "1": 0,
      "2": 0
    },
    "b": {
      "0": [
        2
      ]
    },
    "_coverageSchema": "1a1c01bbd47fc00a2c39e90264f33305004495a9",
    "hash": "442e81416cd6d16bd30e381215d620e068d729f2"
  },
  "C:\\Users\\trevo\\WebstormProjects\\TrevorsTodoList\\server\\config\\index.js": {
    "path": "C:\\Users\\trevo\\WebstormProjects\\TrevorsTodoList\\server\\config\\index.js",
    "statementMap": {
      "0": {
        "start": {
          "line": 1,
          "column": 0
        },
        "end": {
          "line": 17,
          "column": 1
        }
      }
    },
    "fnMap": {},
    "branchMap": {},
    "s": {
      "0": 2
    },
    "f": {},
    "b": {},
    "_coverageSchema": "1a1c01bbd47fc00a2c39e90264f33305004495a9",
    "hash": "24388ae72665d783ca07fb934d0296d1e7596954"
  },
  "C:\\Users\\trevo\\WebstormProjects\\TrevorsTodoList\\server\\models\\sequelize\\index.js": {
    "path": "C:\\Users\\trevo\\WebstormProjects\\TrevorsTodoList\\server\\models\\sequelize\\index.js",
    "statementMap": {
      "0": {
        "start": {
          "line": 1,
          "column": 11
        },
        "end": {
          "line": 1,
          "column": 24
        }
      },
      "1": {
        "start": {
          "line": 2,
          "column": 13
        },
        "end": {
          "line": 2,
          "column": 28
        }
      },
      "2": {
        "start": {
          "line": 3,
          "column": 18
        },
        "end": {
          "line": 3,
          "column": 38
        }
      },
      "3": {
        "start": {
          "line": 4,
          "column": 15
        },
        "end": {
          "line": 4,
          "column": 50
        }
      },
      "4": {
        "start": {
          "line": 5,
          "column": 62
        },
        "end": {
          "line": 5,
          "column": 80
        }
      },
      "5": {
        "start": {
          "line": 7,
          "column": 18
        },
        "end": {
          "line": 13,
          "column": 2
        }
      },
      "6": {
        "start": {
          "line": 15,
          "column": 15
        },
        "end": {
          "line": 15,
          "column": 17
        }
      },
      "7": {
        "start": {
          "line": 18,
          "column": 0
        },
        "end": {
          "line": 23,
          "column": 7
        }
      },
      "8": {
        "start": {
          "line": 19,
          "column": 22
        },
        "end": {
          "line": 19,
          "column": 65
        }
      },
      "9": {
        "start": {
          "line": 21,
          "column": 22
        },
        "end": {
          "line": 21,
          "column": 89
        }
      },
      "10": {
        "start": {
          "line": 22,
          "column": 8
        },
        "end": {
          "line": 22,
          "column": 35
        }
      },
      "11": {
        "start": {
          "line": 26,
          "column": 0
        },
        "end": {
          "line": 30,
          "column": 3
        }
      },
      "12": {
        "start": {
          "line": 27,
          "column": 4
        },
        "end": {
          "line": 29,
          "column": 5
        }
      },
      "13": {
        "start": {
          "line": 28,
          "column": 8
        },
        "end": {
          "line": 28,
          "column": 44
        }
      },
      "14": {
        "start": {
          "line": 32,
          "column": 0
        },
        "end": {
          "line": 32,
          "column": 29
        }
      },
      "15": {
        "start": {
          "line": 33,
          "column": 0
        },
        "end": {
          "line": 33,
          "column": 29
        }
      },
      "16": {
        "start": {
          "line": 35,
          "column": 0
        },
        "end": {
          "line": 35,
          "column": 23
        }
      }
    },
    "fnMap": {
      "0": {
        "name": "(anonymous_0)",
        "decl": {
          "start": {
            "line": 19,
            "column": 12
          },
          "end": {
            "line": 19,
            "column": 13
          }
        },
        "loc": {
          "start": {
            "line": 19,
            "column": 22
          },
          "end": {
            "line": 19,
            "column": 65
          }
        },
        "line": 19
      },
      "1": {
        "name": "(anonymous_1)",
        "decl": {
          "start": {
            "line": 20,
            "column": 13
          },
          "end": {
            "line": 20,
            "column": 14
          }
        },
        "loc": {
          "start": {
            "line": 20,
            "column": 23
          },
          "end": {
            "line": 23,
            "column": 5
          }
        },
        "line": 20
      },
      "2": {
        "name": "(anonymous_2)",
        "decl": {
          "start": {
            "line": 26,
            "column": 28
          },
          "end": {
            "line": 26,
            "column": 29
          }
        },
        "loc": {
          "start": {
            "line": 26,
            "column": 43
          },
          "end": {
            "line": 30,
            "column": 1
          }
        },
        "line": 26
      }
    },
    "branchMap": {
      "0": {
        "loc": {
          "start": {
            "line": 19,
            "column": 22
          },
          "end": {
            "line": 19,
            "column": 65
          }
        },
        "type": "binary-expr",
        "locations": [
          {
            "start": {
              "line": 19,
              "column": 22
            },
            "end": {
              "line": 19,
              "column": 41
            }
          },
          {
            "start": {
              "line": 19,
              "column": 45
            },
            "end": {
              "line": 19,
              "column": 65
            }
          }
        ],
        "line": 19
      },
      "1": {
        "loc": {
          "start": {
            "line": 27,
            "column": 4
          },
          "end": {
            "line": 29,
            "column": 5
          }
        },
        "type": "if",
        "locations": [
          {
            "start": {
              "line": 27,
              "column": 4
            },
            "end": {
              "line": 29,
              "column": 5
            }
          },
          {
            "start": {},
            "end": {}
          }
        ],
        "line": 27
      }
    },
    "s": {
      "0": 2,
      "1": 2,
      "2": 2,
      "3": 2,
      "4": 2,
      "5": 2,
      "6": 2,
      "7": 2,
      "8": 8,
      "9": 6,
      "10": 6,
      "11": 2,
      "12": 6,
      "13": 6,
      "14": 2,
      "15": 2,
      "16": 2
    },
    "f": {
      "0": 8,
      "1": 6,
      "2": 6
    },
    "b": {
      "0": [
        8,
        6
      ],
      "1": [
        6,
        0
      ]
    },
    "_coverageSchema": "1a1c01bbd47fc00a2c39e90264f33305004495a9",
    "hash": "859b2ab6d2faacd7a7a4fddd4f75af2ab35d521d"
  },
  "C:\\Users\\trevo\\WebstormProjects\\TrevorsTodoList\\server\\models\\sequelize\\todo.js": {
    "path": "C:\\Users\\trevo\\WebstormProjects\\TrevorsTodoList\\server\\models\\sequelize\\todo.js",
    "statementMap": {
      "0": {
        "start": {
          "line": 1,
          "column": 0
        },
        "end": {
          "line": 15,
          "column": 1
        }
      },
      "1": {
        "start": {
          "line": 2,
          "column": 17
        },
        "end": {
          "line": 10,
          "column": 6
        }
      },
      "2": {
        "start": {
          "line": 11,
          "column": 4
        },
        "end": {
          "line": 13,
          "column": 6
        }
      },
      "3": {
        "start": {
          "line": 12,
          "column": 8
        },
        "end": {
          "line": 12,
          "column": 68
        }
      },
      "4": {
        "start": {
          "line": 14,
          "column": 4
        },
        "end": {
          "line": 14,
          "column": 16
        }
      }
    },
    "fnMap": {
      "0": {
        "name": "(anonymous_0)",
        "decl": {
          "start": {
            "line": 1,
            "column": 17
          },
          "end": {
            "line": 1,
            "column": 18
          }
        },
        "loc": {
          "start": {
            "line": 1,
            "column": 43
          },
          "end": {
            "line": 15,
            "column": 1
          }
        },
        "line": 1
      },
      "1": {
        "name": "(anonymous_1)",
        "decl": {
          "start": {
            "line": 11,
            "column": 21
          },
          "end": {
            "line": 11,
            "column": 22
          }
        },
        "loc": {
          "start": {
            "line": 11,
            "column": 33
          },
          "end": {
            "line": 13,
            "column": 5
          }
        },
        "line": 11
      }
    },
    "branchMap": {},
    "s": {
      "0": 2,
      "1": 2,
      "2": 2,
      "3": 2,
      "4": 2
    },
    "f": {
      "0": 2,
      "1": 2
    },
    "b": {},
    "_coverageSchema": "1a1c01bbd47fc00a2c39e90264f33305004495a9",
    "hash": "0e8403a70e25e50bf411e0307e1ec6b32d28ae99"
  },
  "C:\\Users\\trevo\\WebstormProjects\\TrevorsTodoList\\server\\models\\sequelize\\todolist.js": {
    "path": "C:\\Users\\trevo\\WebstormProjects\\TrevorsTodoList\\server\\models\\sequelize\\todolist.js",
    "statementMap": {
      "0": {
        "start": {
          "line": 1,
          "column": 0
        },
        "end": {
          "line": 15,
          "column": 1
        }
      },
      "1": {
        "start": {
          "line": 2,
          "column": 21
        },
        "end": {
          "line": 9,
          "column": 6
        }
      },
      "2": {
        "start": {
          "line": 10,
          "column": 4
        },
        "end": {
          "line": 13,
          "column": 6
        }
      },
      "3": {
        "start": {
          "line": 11,
          "column": 8
        },
        "end": {
          "line": 11,
          "column": 62
        }
      },
      "4": {
        "start": {
          "line": 12,
          "column": 8
        },
        "end": {
          "line": 12,
          "column": 64
        }
      },
      "5": {
        "start": {
          "line": 14,
          "column": 4
        },
        "end": {
          "line": 14,
          "column": 20
        }
      }
    },
    "fnMap": {
      "0": {
        "name": "(anonymous_0)",
        "decl": {
          "start": {
            "line": 1,
            "column": 17
          },
          "end": {
            "line": 1,
            "column": 18
          }
        },
        "loc": {
          "start": {
            "line": 1,
            "column": 43
          },
          "end": {
            "line": 15,
            "column": 1
          }
        },
        "line": 1
      },
      "1": {
        "name": "(anonymous_1)",
        "decl": {
          "start": {
            "line": 10,
            "column": 25
          },
          "end": {
            "line": 10,
            "column": 26
          }
        },
        "loc": {
          "start": {
            "line": 10,
            "column": 37
          },
          "end": {
            "line": 13,
            "column": 5
          }
        },
        "line": 10
      }
    },
    "branchMap": {},
    "s": {
      "0": 2,
      "1": 2,
      "2": 2,
      "3": 2,
      "4": 2,
      "5": 2
    },
    "f": {
      "0": 2,
      "1": 2
    },
    "b": {},
    "_coverageSchema": "1a1c01bbd47fc00a2c39e90264f33305004495a9",
    "hash": "4b14e148c567f4352b412bb72a19ede95152d064"
  },
  "C:\\Users\\trevo\\WebstormProjects\\TrevorsTodoList\\server\\models\\sequelize\\user.js": {
    "path": "C:\\Users\\trevo\\WebstormProjects\\TrevorsTodoList\\server\\models\\sequelize\\user.js",
    "statementMap": {
      "0": {
        "start": {
          "line": 1,
          "column": 0
        },
        "end": {
          "line": 17,
          "column": 1
        }
      },
      "1": {
        "start": {
          "line": 3,
          "column": 17
        },
        "end": {
          "line": 12,
          "column": 6
        }
      },
      "2": {
        "start": {
          "line": 13,
          "column": 4
        },
        "end": {
          "line": 15,
          "column": 5
        }
      },
      "3": {
        "start": {
          "line": 14,
          "column": 8
        },
        "end": {
          "line": 14,
          "column": 61
        }
      },
      "4": {
        "start": {
          "line": 16,
          "column": 4
        },
        "end": {
          "line": 16,
          "column": 16
        }
      }
    },
    "fnMap": {
      "0": {
        "name": "(anonymous_0)",
        "decl": {
          "start": {
            "line": 1,
            "column": 17
          },
          "end": {
            "line": 1,
            "column": 18
          }
        },
        "loc": {
          "start": {
            "line": 1,
            "column": 43
          },
          "end": {
            "line": 17,
            "column": 1
          }
        },
        "line": 1
      },
      "1": {
        "name": "(anonymous_1)",
        "decl": {
          "start": {
            "line": 13,
            "column": 21
          },
          "end": {
            "line": 13,
            "column": 22
          }
        },
        "loc": {
          "start": {
            "line": 13,
            "column": 33
          },
          "end": {
            "line": 15,
            "column": 5
          }
        },
        "line": 13
      }
    },
    "branchMap": {},
    "s": {
      "0": 2,
      "1": 2,
      "2": 2,
      "3": 2,
      "4": 2
    },
    "f": {
      "0": 2,
      "1": 2
    },
    "b": {},
    "_coverageSchema": "1a1c01bbd47fc00a2c39e90264f33305004495a9",
    "hash": "ab2e2a3df8dc5d01df5e11d250e32eee0cd2867f"
  },
  "C:\\Users\\trevo\\WebstormProjects\\TrevorsTodoList\\server\\routes\\todos.js": {
    "path": "C:\\Users\\trevo\\WebstormProjects\\TrevorsTodoList\\server\\routes\\todos.js",
    "statementMap": {
      "0": {
        "start": {
          "line": 1,
          "column": 16
        },
        "end": {
          "line": 1,
          "column": 34
        }
      },
      "1": {
        "start": {
          "line": 2,
          "column": 15
        },
        "end": {
          "line": 2,
          "column": 31
        }
      },
      "2": {
        "start": {
          "line": 3,
          "column": 19
        },
        "end": {
          "line": 3,
          "column": 45
        }
      },
      "3": {
        "start": {
          "line": 4,
          "column": 24
        },
        "end": {
          "line": 4,
          "column": 62
        }
      },
      "4": {
        "start": {
          "line": 6,
          "column": 24
        },
        "end": {
          "line": 115,
          "column": 1
        }
      },
      "5": {
        "start": {
          "line": 8,
          "column": 28
        },
        "end": {
          "line": 8,
          "column": 64
        }
      },
      "6": {
        "start": {
          "line": 10,
          "column": 4
        },
        "end": {
          "line": 21,
          "column": 7
        }
      },
      "7": {
        "start": {
          "line": 11,
          "column": 8
        },
        "end": {
          "line": 20,
          "column": 9
        }
      },
      "8": {
        "start": {
          "line": 12,
          "column": 26
        },
        "end": {
          "line": 12,
          "column": 56
        }
      },
      "9": {
        "start": {
          "line": 14,
          "column": 12
        },
        "end": {
          "line": 14,
          "column": 28
        }
      },
      "10": {
        "start": {
          "line": 15,
          "column": 12
        },
        "end": {
          "line": 15,
          "column": 28
        }
      },
      "11": {
        "start": {
          "line": 17,
          "column": 12
        },
        "end": {
          "line": 17,
          "column": 29
        }
      },
      "12": {
        "start": {
          "line": 18,
          "column": 12
        },
        "end": {
          "line": 18,
          "column": 28
        }
      },
      "13": {
        "start": {
          "line": 19,
          "column": 12
        },
        "end": {
          "line": 19,
          "column": 46
        }
      },
      "14": {
        "start": {
          "line": 23,
          "column": 4
        },
        "end": {
          "line": 39,
          "column": 7
        }
      },
      "15": {
        "start": {
          "line": 24,
          "column": 8
        },
        "end": {
          "line": 38,
          "column": 9
        }
      },
      "16": {
        "start": {
          "line": 25,
          "column": 23
        },
        "end": {
          "line": 25,
          "column": 36
        }
      },
      "17": {
        "start": {
          "line": 26,
          "column": 25
        },
        "end": {
          "line": 26,
          "column": 54
        }
      },
      "18": {
        "start": {
          "line": 27,
          "column": 12
        },
        "end": {
          "line": 33,
          "column": 13
        }
      },
      "19": {
        "start": {
          "line": 28,
          "column": 16
        },
        "end": {
          "line": 28,
          "column": 32
        }
      },
      "20": {
        "start": {
          "line": 29,
          "column": 16
        },
        "end": {
          "line": 29,
          "column": 47
        }
      },
      "21": {
        "start": {
          "line": 31,
          "column": 16
        },
        "end": {
          "line": 31,
          "column": 32
        }
      },
      "22": {
        "start": {
          "line": 32,
          "column": 16
        },
        "end": {
          "line": 32,
          "column": 42
        }
      },
      "23": {
        "start": {
          "line": 35,
          "column": 12
        },
        "end": {
          "line": 35,
          "column": 29
        }
      },
      "24": {
        "start": {
          "line": 36,
          "column": 12
        },
        "end": {
          "line": 36,
          "column": 28
        }
      },
      "25": {
        "start": {
          "line": 37,
          "column": 12
        },
        "end": {
          "line": 37,
          "column": 46
        }
      },
      "26": {
        "start": {
          "line": 41,
          "column": 4
        },
        "end": {
          "line": 61,
          "column": 7
        }
      },
      "27": {
        "start": {
          "line": 42,
          "column": 8
        },
        "end": {
          "line": 60,
          "column": 9
        }
      },
      "28": {
        "start": {
          "line": 44,
          "column": 32
        },
        "end": {
          "line": 44,
          "column": 40
        }
      },
      "29": {
        "start": {
          "line": 46,
          "column": 12
        },
        "end": {
          "line": 48,
          "column": 15
        }
      },
      "30": {
        "start": {
          "line": 47,
          "column": 16
        },
        "end": {
          "line": 47,
          "column": 70
        }
      },
      "31": {
        "start": {
          "line": 49,
          "column": 12
        },
        "end": {
          "line": 55,
          "column": 13
        }
      },
      "32": {
        "start": {
          "line": 50,
          "column": 16
        },
        "end": {
          "line": 50,
          "column": 32
        }
      },
      "33": {
        "start": {
          "line": 51,
          "column": 16
        },
        "end": {
          "line": 51,
          "column": 81
        }
      },
      "34": {
        "start": {
          "line": 53,
          "column": 16
        },
        "end": {
          "line": 53,
          "column": 32
        }
      },
      "35": {
        "start": {
          "line": 54,
          "column": 16
        },
        "end": {
          "line": 54,
          "column": 44
        }
      },
      "36": {
        "start": {
          "line": 57,
          "column": 12
        },
        "end": {
          "line": 57,
          "column": 29
        }
      },
      "37": {
        "start": {
          "line": 58,
          "column": 12
        },
        "end": {
          "line": 58,
          "column": 28
        }
      },
      "38": {
        "start": {
          "line": 59,
          "column": 12
        },
        "end": {
          "line": 59,
          "column": 46
        }
      },
      "39": {
        "start": {
          "line": 63,
          "column": 4
        },
        "end": {
          "line": 87,
          "column": 7
        }
      },
      "40": {
        "start": {
          "line": 64,
          "column": 19
        },
        "end": {
          "line": 64,
          "column": 32
        }
      },
      "41": {
        "start": {
          "line": 66,
          "column": 8
        },
        "end": {
          "line": 86,
          "column": 9
        }
      },
      "42": {
        "start": {
          "line": 67,
          "column": 12
        },
        "end": {
          "line": 69,
          "column": 15
        }
      },
      "43": {
        "start": {
          "line": 68,
          "column": 16
        },
        "end": {
          "line": 68,
          "column": 61
        }
      },
      "44": {
        "start": {
          "line": 71,
          "column": 12
        },
        "end": {
          "line": 82,
          "column": 13
        }
      },
      "45": {
        "start": {
          "line": 72,
          "column": 16
        },
        "end": {
          "line": 72,
          "column": 32
        }
      },
      "46": {
        "start": {
          "line": 73,
          "column": 16
        },
        "end": {
          "line": 73,
          "column": 76
        }
      },
      "47": {
        "start": {
          "line": 74,
          "column": 19
        },
        "end": {
          "line": 82,
          "column": 13
        }
      },
      "48": {
        "start": {
          "line": 75,
          "column": 16
        },
        "end": {
          "line": 75,
          "column": 32
        }
      },
      "49": {
        "start": {
          "line": 76,
          "column": 16
        },
        "end": {
          "line": 76,
          "column": 29
        }
      },
      "50": {
        "start": {
          "line": 80,
          "column": 16
        },
        "end": {
          "line": 80,
          "column": 32
        }
      },
      "51": {
        "start": {
          "line": 81,
          "column": 16
        },
        "end": {
          "line": 81,
          "column": 58
        }
      },
      "52": {
        "start": {
          "line": 84,
          "column": 12
        },
        "end": {
          "line": 84,
          "column": 28
        }
      },
      "53": {
        "start": {
          "line": 85,
          "column": 12
        },
        "end": {
          "line": 85,
          "column": 46
        }
      },
      "54": {
        "start": {
          "line": 89,
          "column": 4
        },
        "end": {
          "line": 113,
          "column": 7
        }
      },
      "55": {
        "start": {
          "line": 90,
          "column": 8
        },
        "end": {
          "line": 112,
          "column": 9
        }
      },
      "56": {
        "start": {
          "line": 91,
          "column": 25
        },
        "end": {
          "line": 91,
          "column": 45
        }
      },
      "57": {
        "start": {
          "line": 92,
          "column": 23
        },
        "end": {
          "line": 92,
          "column": 36
        }
      },
      "58": {
        "start": {
          "line": 94,
          "column": 12
        },
        "end": {
          "line": 96,
          "column": 15
        }
      },
      "59": {
        "start": {
          "line": 95,
          "column": 16
        },
        "end": {
          "line": 95,
          "column": 67
        }
      },
      "60": {
        "start": {
          "line": 97,
          "column": 12
        },
        "end": {
          "line": 107,
          "column": 13
        }
      },
      "61": {
        "start": {
          "line": 98,
          "column": 16
        },
        "end": {
          "line": 98,
          "column": 32
        }
      },
      "62": {
        "start": {
          "line": 99,
          "column": 16
        },
        "end": {
          "line": 99,
          "column": 79
        }
      },
      "63": {
        "start": {
          "line": 100,
          "column": 19
        },
        "end": {
          "line": 107,
          "column": 13
        }
      },
      "64": {
        "start": {
          "line": 101,
          "column": 16
        },
        "end": {
          "line": 101,
          "column": 32
        }
      },
      "65": {
        "start": {
          "line": 102,
          "column": 16
        },
        "end": {
          "line": 102,
          "column": 47
        }
      },
      "66": {
        "start": {
          "line": 105,
          "column": 16
        },
        "end": {
          "line": 105,
          "column": 39
        }
      },
      "67": {
        "start": {
          "line": 106,
          "column": 16
        },
        "end": {
          "line": 106,
          "column": 32
        }
      },
      "68": {
        "start": {
          "line": 109,
          "column": 12
        },
        "end": {
          "line": 109,
          "column": 29
        }
      },
      "69": {
        "start": {
          "line": 110,
          "column": 12
        },
        "end": {
          "line": 110,
          "column": 28
        }
      },
      "70": {
        "start": {
          "line": 111,
          "column": 12
        },
        "end": {
          "line": 111,
          "column": 46
        }
      },
      "71": {
        "start": {
          "line": 114,
          "column": 4
        },
        "end": {
          "line": 114,
          "column": 18
        }
      },
      "72": {
        "start": {
          "line": 117,
          "column": 0
        },
        "end": {
          "line": 117,
          "column": 33
        }
      }
    },
    "fnMap": {
      "0": {
        "name": "(anonymous_0)",
        "decl": {
          "start": {
            "line": 6,
            "column": 24
          },
          "end": {
            "line": 6,
            "column": 25
          }
        },
        "loc": {
          "start": {
            "line": 6,
            "column": 30
          },
          "end": {
            "line": 115,
            "column": 1
          }
        },
        "line": 6
      },
      "1": {
        "name": "(anonymous_1)",
        "decl": {
          "start": {
            "line": 10,
            "column": 25
          },
          "end": {
            "line": 10,
            "column": 26
          }
        },
        "loc": {
          "start": {
            "line": 10,
            "column": 45
          },
          "end": {
            "line": 21,
            "column": 5
          }
        },
        "line": 10
      },
      "2": {
        "name": "(anonymous_2)",
        "decl": {
          "start": {
            "line": 23,
            "column": 28
          },
          "end": {
            "line": 23,
            "column": 29
          }
        },
        "loc": {
          "start": {
            "line": 23,
            "column": 48
          },
          "end": {
            "line": 39,
            "column": 5
          }
        },
        "line": 23
      },
      "3": {
        "name": "(anonymous_3)",
        "decl": {
          "start": {
            "line": 41,
            "column": 26
          },
          "end": {
            "line": 41,
            "column": 27
          }
        },
        "loc": {
          "start": {
            "line": 41,
            "column": 46
          },
          "end": {
            "line": 61,
            "column": 5
          }
        },
        "line": 41
      },
      "4": {
        "name": "(anonymous_4)",
        "decl": {
          "start": {
            "line": 46,
            "column": 48
          },
          "end": {
            "line": 46,
            "column": 49
          }
        },
        "loc": {
          "start": {
            "line": 46,
            "column": 61
          },
          "end": {
            "line": 48,
            "column": 13
          }
        },
        "line": 46
      },
      "5": {
        "name": "(anonymous_5)",
        "decl": {
          "start": {
            "line": 63,
            "column": 31
          },
          "end": {
            "line": 63,
            "column": 32
          }
        },
        "loc": {
          "start": {
            "line": 63,
            "column": 51
          },
          "end": {
            "line": 87,
            "column": 5
          }
        },
        "line": 63
      },
      "6": {
        "name": "(anonymous_6)",
        "decl": {
          "start": {
            "line": 67,
            "column": 48
          },
          "end": {
            "line": 67,
            "column": 49
          }
        },
        "loc": {
          "start": {
            "line": 67,
            "column": 61
          },
          "end": {
            "line": 69,
            "column": 13
          }
        },
        "line": 67
      },
      "7": {
        "name": "(anonymous_7)",
        "decl": {
          "start": {
            "line": 89,
            "column": 28
          },
          "end": {
            "line": 89,
            "column": 29
          }
        },
        "loc": {
          "start": {
            "line": 89,
            "column": 48
          },
          "end": {
            "line": 113,
            "column": 5
          }
        },
        "line": 89
      },
      "8": {
        "name": "(anonymous_8)",
        "decl": {
          "start": {
            "line": 94,
            "column": 48
          },
          "end": {
            "line": 94,
            "column": 49
          }
        },
        "loc": {
          "start": {
            "line": 94,
            "column": 61
          },
          "end": {
            "line": 96,
            "column": 13
          }
        },
        "line": 94
      }
    },
    "branchMap": {
      "0": {
        "loc": {
          "start": {
            "line": 27,
            "column": 12
          },
          "end": {
            "line": 33,
            "column": 13
          }
        },
        "type": "if",
        "locations": [
          {
            "start": {
              "line": 27,
              "column": 12
            },
            "end": {
              "line": 33,
              "column": 13
            }
          },
          {
            "start": {
              "line": 30,
              "column": 19
            },
            "end": {
              "line": 33,
              "column": 13
            }
          }
        ],
        "line": 27
      },
      "1": {
        "loc": {
          "start": {
            "line": 49,
            "column": 12
          },
          "end": {
            "line": 55,
            "column": 13
          }
        },
        "type": "if",
        "locations": [
          {
            "start": {
              "line": 49,
              "column": 12
            },
            "end": {
              "line": 55,
              "column": 13
            }
          },
          {
            "start": {
              "line": 52,
              "column": 19
            },
            "end": {
              "line": 55,
              "column": 13
            }
          }
        ],
        "line": 49
      },
      "2": {
        "loc": {
          "start": {
            "line": 71,
            "column": 12
          },
          "end": {
            "line": 82,
            "column": 13
          }
        },
        "type": "if",
        "locations": [
          {
            "start": {
              "line": 71,
              "column": 12
            },
            "end": {
              "line": 82,
              "column": 13
            }
          },
          {
            "start": {
              "line": 74,
              "column": 19
            },
            "end": {
              "line": 82,
              "column": 13
            }
          }
        ],
        "line": 71
      },
      "3": {
        "loc": {
          "start": {
            "line": 74,
            "column": 19
          },
          "end": {
            "line": 82,
            "column": 13
          }
        },
        "type": "if",
        "locations": [
          {
            "start": {
              "line": 74,
              "column": 19
            },
            "end": {
              "line": 82,
              "column": 13
            }
          },
          {
            "start": {
              "line": 77,
              "column": 19
            },
            "end": {
              "line": 82,
              "column": 13
            }
          }
        ],
        "line": 74
      },
      "4": {
        "loc": {
          "start": {
            "line": 97,
            "column": 12
          },
          "end": {
            "line": 107,
            "column": 13
          }
        },
        "type": "if",
        "locations": [
          {
            "start": {
              "line": 97,
              "column": 12
            },
            "end": {
              "line": 107,
              "column": 13
            }
          },
          {
            "start": {
              "line": 100,
              "column": 19
            },
            "end": {
              "line": 107,
              "column": 13
            }
          }
        ],
        "line": 97
      },
      "5": {
        "loc": {
          "start": {
            "line": 100,
            "column": 19
          },
          "end": {
            "line": 107,
            "column": 13
          }
        },
        "type": "if",
        "locations": [
          {
            "start": {
              "line": 100,
              "column": 19
            },
            "end": {
              "line": 107,
              "column": 13
            }
          },
          {
            "start": {
              "line": 103,
              "column": 19
            },
            "end": {
              "line": 107,
              "column": 13
            }
          }
        ],
        "line": 100
      }
    },
    "s": {
      "0": 1,
      "1": 1,
      "2": 1,
      "3": 1,
      "4": 1,
      "5": 1,
      "6": 1,
      "7": 0,
      "8": 0,
      "9": 0,
      "10": 0,
      "11": 0,
      "12": 0,
      "13": 0,
      "14": 1,
      "15": 0,
      "16": 0,
      "17": 0,
      "18": 0,
      "19": 0,
      "20": 0,
      "21": 0,
      "22": 0,
      "23": 0,
      "24": 0,
      "25": 0,
      "26": 1,
      "27": 0,
      "28": 0,
      "29": 0,
      "30": 0,
      "31": 0,
      "32": 0,
      "33": 0,
      "34": 0,
      "35": 0,
      "36": 0,
      "37": 0,
      "38": 0,
      "39": 1,
      "40": 0,
      "41": 0,
      "42": 0,
      "43": 0,
      "44": 0,
      "45": 0,
      "46": 0,
      "47": 0,
      "48": 0,
      "49": 0,
      "50": 0,
      "51": 0,
      "52": 0,
      "53": 0,
      "54": 1,
      "55": 0,
      "56": 0,
      "57": 0,
      "58": 0,
      "59": 0,
      "60": 0,
      "61": 0,
      "62": 0,
      "63": 0,
      "64": 0,
      "65": 0,
      "66": 0,
      "67": 0,
      "68": 0,
      "69": 0,
      "70": 0,
      "71": 1,
      "72": 1
    },
    "f": {
      "0": 1,
      "1": 0,
      "2": 0,
      "3": 0,
      "4": 0,
      "5": 0,
      "6": 0,
      "7": 0,
      "8": 0
    },
    "b": {
      "0": [
        0,
        0
      ],
      "1": [
        0,
        0
      ],
      "2": [
        0,
        0
      ],
      "3": [
        0,
        0
      ],
      "4": [
        0,
        0
      ],
      "5": [
        0,
        0
      ]
    },
    "_coverageSchema": "1a1c01bbd47fc00a2c39e90264f33305004495a9",
    "hash": "85edbcadadd9280dae3f669103b693a0e465d934"
  },
  "C:\\Users\\trevo\\WebstormProjects\\TrevorsTodoList\\server\\services\\TodoListService.js": {
    "path": "C:\\Users\\trevo\\WebstormProjects\\TrevorsTodoList\\server\\services\\TodoListService.js",
    "statementMap": {
      "0": {
        "start": {
          "line": 1,
          "column": 15
        },
        "end": {
          "line": 1,
          "column": 35
        }
      },
      "1": {
        "start": {
          "line": 6,
          "column": 8
        },
        "end": {
          "line": 6,
          "column": 32
        }
      },
      "2": {
        "start": {
          "line": 8,
          "column": 8
        },
        "end": {
          "line": 8,
          "column": 45
        }
      },
      "3": {
        "start": {
          "line": 14,
          "column": 18
        },
        "end": {
          "line": 14,
          "column": 49
        }
      },
      "4": {
        "start": {
          "line": 15,
          "column": 8
        },
        "end": {
          "line": 23,
          "column": 9
        }
      },
      "5": {
        "start": {
          "line": 17,
          "column": 12
        },
        "end": {
          "line": 17,
          "column": 26
        }
      },
      "6": {
        "start": {
          "line": 19,
          "column": 12
        },
        "end": {
          "line": 19,
          "column": 30
        }
      },
      "7": {
        "start": {
          "line": 22,
          "column": 12
        },
        "end": {
          "line": 22,
          "column": 31
        }
      },
      "8": {
        "start": {
          "line": 28,
          "column": 32
        },
        "end": {
          "line": 31,
          "column": 29
        }
      },
      "9": {
        "start": {
          "line": 32,
          "column": 8
        },
        "end": {
          "line": 32,
          "column": 31
        }
      },
      "10": {
        "start": {
          "line": 36,
          "column": 33
        },
        "end": {
          "line": 36,
          "column": 68
        }
      },
      "11": {
        "start": {
          "line": 37,
          "column": 8
        },
        "end": {
          "line": 37,
          "column": 32
        }
      },
      "12": {
        "start": {
          "line": 41,
          "column": 34
        },
        "end": {
          "line": 41,
          "column": 66
        }
      },
      "13": {
        "start": {
          "line": 42,
          "column": 8
        },
        "end": {
          "line": 42,
          "column": 33
        }
      },
      "14": {
        "start": {
          "line": 46,
          "column": 32
        },
        "end": {
          "line": 54,
          "column": 14
        }
      },
      "15": {
        "start": {
          "line": 55,
          "column": 8
        },
        "end": {
          "line": 55,
          "column": 31
        }
      },
      "16": {
        "start": {
          "line": 59,
          "column": 32
        },
        "end": {
          "line": 65,
          "column": 9
        }
      },
      "17": {
        "start": {
          "line": 66,
          "column": 8
        },
        "end": {
          "line": 66,
          "column": 31
        }
      },
      "18": {
        "start": {
          "line": 71,
          "column": 0
        },
        "end": {
          "line": 71,
          "column": 33
        }
      }
    },
    "fnMap": {
      "0": {
        "name": "(anonymous_0)",
        "decl": {
          "start": {
            "line": 4,
            "column": 4
          },
          "end": {
            "line": 4,
            "column": 5
          }
        },
        "loc": {
          "start": {
            "line": 4,
            "column": 27
          },
          "end": {
            "line": 9,
            "column": 5
          }
        },
        "line": 4
      },
      "1": {
        "name": "(anonymous_1)",
        "decl": {
          "start": {
            "line": 12,
            "column": 4
          },
          "end": {
            "line": 12,
            "column": 5
          }
        },
        "loc": {
          "start": {
            "line": 12,
            "column": 30
          },
          "end": {
            "line": 24,
            "column": 5
          }
        },
        "line": 12
      },
      "2": {
        "name": "(anonymous_2)",
        "decl": {
          "start": {
            "line": 26,
            "column": 4
          },
          "end": {
            "line": 26,
            "column": 5
          }
        },
        "loc": {
          "start": {
            "line": 26,
            "column": 38
          },
          "end": {
            "line": 33,
            "column": 5
          }
        },
        "line": 26
      },
      "3": {
        "name": "(anonymous_3)",
        "decl": {
          "start": {
            "line": 35,
            "column": 4
          },
          "end": {
            "line": 35,
            "column": 5
          }
        },
        "loc": {
          "start": {
            "line": 35,
            "column": 18
          },
          "end": {
            "line": 38,
            "column": 5
          }
        },
        "line": 35
      },
      "4": {
        "name": "(anonymous_4)",
        "decl": {
          "start": {
            "line": 40,
            "column": 4
          },
          "end": {
            "line": 40,
            "column": 5
          }
        },
        "loc": {
          "start": {
            "line": 40,
            "column": 19
          },
          "end": {
            "line": 43,
            "column": 5
          }
        },
        "line": 40
      },
      "5": {
        "name": "(anonymous_5)",
        "decl": {
          "start": {
            "line": 45,
            "column": 4
          },
          "end": {
            "line": 45,
            "column": 5
          }
        },
        "loc": {
          "start": {
            "line": 45,
            "column": 46
          },
          "end": {
            "line": 56,
            "column": 5
          }
        },
        "line": 45
      },
      "6": {
        "name": "(anonymous_6)",
        "decl": {
          "start": {
            "line": 58,
            "column": 4
          },
          "end": {
            "line": 58,
            "column": 5
          }
        },
        "loc": {
          "start": {
            "line": 58,
            "column": 28
          },
          "end": {
            "line": 67,
            "column": 5
          }
        },
        "line": 58
      }
    },
    "branchMap": {},
    "s": {
      "0": 1,
      "1": 1,
      "2": 1,
      "3": 0,
      "4": 0,
      "5": 0,
      "6": 0,
      "7": 0,
      "8": 0,
      "9": 0,
      "10": 0,
      "11": 0,
      "12": 0,
      "13": 0,
      "14": 0,
      "15": 0,
      "16": 0,
      "17": 0,
      "18": 1
    },
    "f": {
      "0": 1,
      "1": 0,
      "2": 0,
      "3": 0,
      "4": 0,
      "5": 0,
      "6": 0
    },
    "b": {},
    "_coverageSchema": "1a1c01bbd47fc00a2c39e90264f33305004495a9",
    "hash": "b3bb59f60353f7533309ae6874323bb2583cefc3"
  }
}
