TN:
SF:index.js
FN:5,(anonymous_0)
FNF:1
FNH:1
FNDA:1,(anonymous_0)
DA:1,1
DA:2,1
DA:3,1
DA:5,1
DA:6,1
DA:8,1
DA:10,1
DA:12,1
DA:13,1
DA:15,1
DA:16,1
LF:11
LH:11
BRF:0
BRH:0
end_of_record
TN:
SF:bin\start.js
FN:3,connectToMyPostgres
FN:6,(anonymous_1)
FN:9,(anonymous_2)
FNF:3
FNH:1
FNDA:2,connectToMyPostgres
FNDA:0,(anonymous_1)
FNDA:0,(anonymous_2)
DA:1,2
DA:2,2
DA:4,2
DA:10,0
DA:11,0
DA:13,2
DA:16,2
DA:19,2
DA:22,2
DA:23,2
DA:25,2
LF:11
LH:9
BRDA:3,0,0,2
BRF:1
BRH:1
end_of_record
TN:
SF:config\index.js
FNF:0
FNH:0
DA:1,2
LF:1
LH:1
BRF:0
BRH:0
end_of_record
TN:
SF:models\sequelize\index.js
FN:19,(anonymous_0)
FN:20,(anonymous_1)
FN:26,(anonymous_2)
FNF:3
FNH:3
FNDA:8,(anonymous_0)
FNDA:6,(anonymous_1)
FNDA:6,(anonymous_2)
DA:1,2
DA:2,2
DA:3,2
DA:4,2
DA:5,2
DA:7,2
DA:15,2
DA:18,2
DA:19,8
DA:21,6
DA:22,6
DA:26,2
DA:27,6
DA:28,6
DA:32,2
DA:33,2
DA:35,2
LF:17
LH:17
BRDA:19,0,0,8
BRDA:19,0,1,6
BRDA:27,1,0,6
BRDA:27,1,1,0
BRF:4
BRH:3
end_of_record
TN:
SF:models\sequelize\todo.js
FN:1,(anonymous_0)
FN:11,(anonymous_1)
FNF:2
FNH:2
FNDA:2,(anonymous_0)
FNDA:2,(anonymous_1)
DA:1,2
DA:2,2
DA:11,2
DA:12,2
DA:14,2
LF:5
LH:5
BRF:0
BRH:0
end_of_record
TN:
SF:models\sequelize\todolist.js
FN:1,(anonymous_0)
FN:10,(anonymous_1)
FNF:2
FNH:2
FNDA:2,(anonymous_0)
FNDA:2,(anonymous_1)
DA:1,2
DA:2,2
DA:10,2
DA:11,2
DA:12,2
DA:14,2
LF:6
LH:6
BRF:0
BRH:0
end_of_record
TN:
SF:models\sequelize\user.js
FN:1,(anonymous_0)
FN:13,(anonymous_1)
FNF:2
FNH:2
FNDA:2,(anonymous_0)
FNDA:2,(anonymous_1)
DA:1,2
DA:3,2
DA:13,2
DA:14,2
DA:16,2
LF:5
LH:5
BRF:0
BRH:0
end_of_record
TN:
SF:routes\todos.js
FN:6,(anonymous_0)
FN:10,(anonymous_1)
FN:23,(anonymous_2)
FN:41,(anonymous_3)
FN:46,(anonymous_4)
FN:63,(anonymous_5)
FN:67,(anonymous_6)
FN:89,(anonymous_7)
FN:94,(anonymous_8)
FNF:9
FNH:1
FNDA:1,(anonymous_0)
FNDA:0,(anonymous_1)
FNDA:0,(anonymous_2)
FNDA:0,(anonymous_3)
FNDA:0,(anonymous_4)
FNDA:0,(anonymous_5)
FNDA:0,(anonymous_6)
FNDA:0,(anonymous_7)
FNDA:0,(anonymous_8)
DA:1,1
DA:2,1
DA:3,1
DA:4,1
DA:6,1
DA:8,1
DA:10,1
DA:11,0
DA:12,0
DA:14,0
DA:15,0
DA:17,0
DA:18,0
DA:19,0
DA:23,1
DA:24,0
DA:25,0
DA:26,0
DA:27,0
DA:28,0
DA:29,0
DA:31,0
DA:32,0
DA:35,0
DA:36,0
DA:37,0
DA:41,1
DA:42,0
DA:44,0
DA:46,0
DA:47,0
DA:49,0
DA:50,0
DA:51,0
DA:53,0
DA:54,0
DA:57,0
DA:58,0
DA:59,0
DA:63,1
DA:64,0
DA:66,0
DA:67,0
DA:68,0
DA:71,0
DA:72,0
DA:73,0
DA:74,0
DA:75,0
DA:76,0
DA:80,0
DA:81,0
DA:84,0
DA:85,0
DA:89,1
DA:90,0
DA:91,0
DA:92,0
DA:94,0
DA:95,0
DA:97,0
DA:98,0
DA:99,0
DA:100,0
DA:101,0
DA:102,0
DA:105,0
DA:106,0
DA:109,0
DA:110,0
DA:111,0
DA:114,1
DA:117,1
LF:73
LH:13
BRDA:27,0,0,0
BRDA:27,0,1,0
BRDA:49,1,0,0
BRDA:49,1,1,0
BRDA:71,2,0,0
BRDA:71,2,1,0
BRDA:74,3,0,0
BRDA:74,3,1,0
BRDA:97,4,0,0
BRDA:97,4,1,0
BRDA:100,5,0,0
BRDA:100,5,1,0
BRF:12
BRH:0
end_of_record
TN:
SF:services\TodoService.js
FN:4,(anonymous_0)
FN:12,(anonymous_1)
FN:26,(anonymous_2)
FN:35,(anonymous_3)
FN:40,(anonymous_4)
FN:45,(anonymous_5)
FN:58,(anonymous_6)
FNF:7
FNH:1
FNDA:1,(anonymous_0)
FNDA:0,(anonymous_1)
FNDA:0,(anonymous_2)
FNDA:0,(anonymous_3)
FNDA:0,(anonymous_4)
FNDA:0,(anonymous_5)
FNDA:0,(anonymous_6)
DA:1,1
DA:6,1
DA:8,1
DA:14,0
DA:15,0
DA:17,0
DA:19,0
DA:22,0
DA:28,0
DA:32,0
DA:36,0
DA:37,0
DA:41,0
DA:42,0
DA:46,0
DA:55,0
DA:59,0
DA:66,0
DA:71,1
LF:19
LH:4
BRF:0
BRH:0
end_of_record
